Performing C SOURCE FILE Test HAVE_GCC_PREFERRED_STACK_BOUNDARY failed with the following output:
Change Dir: D:/Documents/git_work/StitchesSoftRenderer/cmake-build-debug/CMakeFiles/CMakeTmp

Run Build Command(s):D:/Software/Development/TDM-GCC-64/bin/mingw32-make.exe cmTC_0d1c3/fast && D:/Software/Development/TDM-GCC-64/bin/mingw32-make.exe  -f CMakeFiles\cmTC_0d1c3.dir\build.make CMakeFiles/cmTC_0d1c3.dir/build
mingw32-make.exe[1]: Entering directory 'D:/Documents/git_work/StitchesSoftRenderer/cmake-build-debug/CMakeFiles/CMakeTmp'
Building C object CMakeFiles/cmTC_0d1c3.dir/src.c.obj
D:\Software\Development\TDM-GCC-64\bin\gcc.exe   -idirafter "D:/Documents/git_work/StitchesSoftRenderer/lib/SDL2.0.15.14858/src/video/khronos" -DHAVE_GCC_PREFERRED_STACK_BOUNDARY -mpreferred-stack-boundary=2   -o CMakeFiles\cmTC_0d1c3.dir\src.c.obj   -c D:\Documents\git_work\StitchesSoftRenderer\cmake-build-debug\CMakeFiles\CMakeTmp\src.c
cc1.exe: error: '-mpreferred-stack-boundary=2' is not between 3 and 4
CMakeFiles\cmTC_0d1c3.dir\build.make:84: recipe for target 'CMakeFiles/cmTC_0d1c3.dir/src.c.obj' failed
mingw32-make.exe[1]: *** [CMakeFiles/cmTC_0d1c3.dir/src.c.obj] Error 1
mingw32-make.exe[1]: Leaving directory 'D:/Documents/git_work/StitchesSoftRenderer/cmake-build-debug/CMakeFiles/CMakeTmp'
Makefile:140: recipe for target 'cmTC_0d1c3/fast' failed
mingw32-make.exe: *** [cmTC_0d1c3/fast] Error 2


Source file was:
int x = 0; int main(int argc, char **argv) {}
Performing C SOURCE FILE Test HAVE_ALTIVEC_H_HDR failed with the following output:
Change Dir: D:/Documents/git_work/StitchesSoftRenderer/cmake-build-debug/CMakeFiles/CMakeTmp

Run Build Command(s):D:/Software/Development/TDM-GCC-64/bin/mingw32-make.exe cmTC_cda5b/fast && D:/Software/Development/TDM-GCC-64/bin/mingw32-make.exe  -f CMakeFiles\cmTC_cda5b.dir\build.make CMakeFiles/cmTC_cda5b.dir/build
mingw32-make.exe[1]: Entering directory 'D:/Documents/git_work/StitchesSoftRenderer/cmake-build-debug/CMakeFiles/CMakeTmp'
Building C object CMakeFiles/cmTC_cda5b.dir/src.c.obj
D:\Software\Development\TDM-GCC-64\bin\gcc.exe   -idirafter "D:/Documents/git_work/StitchesSoftRenderer/lib/SDL2.0.15.14858/src/video/khronos" -DHAVE_ALTIVEC_H_HDR -maltivec   -o CMakeFiles\cmTC_cda5b.dir\src.c.obj   -c D:\Documents\git_work\StitchesSoftRenderer\cmake-build-debug\CMakeFiles\CMakeTmp\src.c
gcc.exe: error: unrecognized command line option '-maltivec'
CMakeFiles\cmTC_cda5b.dir\build.make:84: recipe for target 'CMakeFiles/cmTC_cda5b.dir/src.c.obj' failed
mingw32-make.exe[1]: *** [CMakeFiles/cmTC_cda5b.dir/src.c.obj] Error 1
mingw32-make.exe[1]: Leaving directory 'D:/Documents/git_work/StitchesSoftRenderer/cmake-build-debug/CMakeFiles/CMakeTmp'
Makefile:140: recipe for target 'cmTC_cda5b/fast' failed
mingw32-make.exe: *** [cmTC_cda5b/fast] Error 2


Source file was:

          #include <altivec.h>
          vector unsigned int vzero() {
              return vec_splat_u32(0);
          }
          int main(int argc, char **argv) { }
Performing C SOURCE FILE Test HAVE_ALTIVEC failed with the following output:
Change Dir: D:/Documents/git_work/StitchesSoftRenderer/cmake-build-debug/CMakeFiles/CMakeTmp

Run Build Command(s):D:/Software/Development/TDM-GCC-64/bin/mingw32-make.exe cmTC_c8048/fast && D:/Software/Development/TDM-GCC-64/bin/mingw32-make.exe  -f CMakeFiles\cmTC_c8048.dir\build.make CMakeFiles/cmTC_c8048.dir/build
mingw32-make.exe[1]: Entering directory 'D:/Documents/git_work/StitchesSoftRenderer/cmake-build-debug/CMakeFiles/CMakeTmp'
Building C object CMakeFiles/cmTC_c8048.dir/src.c.obj
D:\Software\Development\TDM-GCC-64\bin\gcc.exe   -idirafter "D:/Documents/git_work/StitchesSoftRenderer/lib/SDL2.0.15.14858/src/video/khronos" -DHAVE_ALTIVEC -maltivec   -o CMakeFiles\cmTC_c8048.dir\src.c.obj   -c D:\Documents\git_work\StitchesSoftRenderer\cmake-build-debug\CMakeFiles\CMakeTmp\src.c
gcc.exe: error: unrecognized command line option '-maltivec'
CMakeFiles\cmTC_c8048.dir\build.make:84: recipe for target 'CMakeFiles/cmTC_c8048.dir/src.c.obj' failed
mingw32-make.exe[1]: *** [CMakeFiles/cmTC_c8048.dir/src.c.obj] Error 1
mingw32-make.exe[1]: Leaving directory 'D:/Documents/git_work/StitchesSoftRenderer/cmake-build-debug/CMakeFiles/CMakeTmp'
Makefile:140: recipe for target 'cmTC_c8048/fast' failed
mingw32-make.exe: *** [cmTC_c8048/fast] Error 2


Source file was:

          vector unsigned int vzero() {
              return vec_splat_u32(0);
          }
          int main(int argc, char **argv) { }
Determining if the include file iconv.h exists failed with the following output:
Change Dir: D:/Documents/git_work/StitchesSoftRenderer/cmake-build-debug/CMakeFiles/CMakeTmp

Run Build Command(s):D:/Software/Development/TDM-GCC-64/bin/mingw32-make.exe cmTC_1a601/fast && D:/Software/Development/TDM-GCC-64/bin/mingw32-make.exe  -f CMakeFiles\cmTC_1a601.dir\build.make CMakeFiles/cmTC_1a601.dir/build
mingw32-make.exe[1]: Entering directory 'D:/Documents/git_work/StitchesSoftRenderer/cmake-build-debug/CMakeFiles/CMakeTmp'
Building C object CMakeFiles/cmTC_1a601.dir/CheckIncludeFile.c.obj
D:\Software\Development\TDM-GCC-64\bin\gcc.exe   -idirafter "D:/Documents/git_work/StitchesSoftRenderer/lib/SDL2.0.15.14858/src/video/khronos"    -o CMakeFiles\cmTC_1a601.dir\CheckIncludeFile.c.obj   -c D:\Documents\git_work\StitchesSoftRenderer\cmake-build-debug\CMakeFiles\CMakeTmp\CheckIncludeFile.c
D:\Documents\git_work\StitchesSoftRenderer\cmake-build-debug\CMakeFiles\CMakeTmp\CheckIncludeFile.c:1:10: fatal error: iconv.h: No such file or directory
    1 | #include <iconv.h>
      |          ^~~~~~~~~
compilation terminated.
CMakeFiles\cmTC_1a601.dir\build.make:84: recipe for target 'CMakeFiles/cmTC_1a601.dir/CheckIncludeFile.c.obj' failed
mingw32-make.exe[1]: *** [CMakeFiles/cmTC_1a601.dir/CheckIncludeFile.c.obj] Error 1
mingw32-make.exe[1]: Leaving directory 'D:/Documents/git_work/StitchesSoftRenderer/cmake-build-debug/CMakeFiles/CMakeTmp'
Makefile:140: recipe for target 'cmTC_1a601/fast' failed
mingw32-make.exe: *** [cmTC_1a601/fast] Error 2



Determining if the include file libunwind.h exists failed with the following output:
Change Dir: D:/Documents/git_work/StitchesSoftRenderer/cmake-build-debug/CMakeFiles/CMakeTmp

Run Build Command(s):D:/Software/Development/TDM-GCC-64/bin/mingw32-make.exe cmTC_74964/fast && D:/Software/Development/TDM-GCC-64/bin/mingw32-make.exe  -f CMakeFiles\cmTC_74964.dir\build.make CMakeFiles/cmTC_74964.dir/build
mingw32-make.exe[1]: Entering directory 'D:/Documents/git_work/StitchesSoftRenderer/cmake-build-debug/CMakeFiles/CMakeTmp'
Building C object CMakeFiles/cmTC_74964.dir/CheckIncludeFile.c.obj
D:\Software\Development\TDM-GCC-64\bin\gcc.exe   -idirafter "D:/Documents/git_work/StitchesSoftRenderer/lib/SDL2.0.15.14858/src/video/khronos"    -o CMakeFiles\cmTC_74964.dir\CheckIncludeFile.c.obj   -c D:\Documents\git_work\StitchesSoftRenderer\cmake-build-debug\CMakeFiles\CMakeTmp\CheckIncludeFile.c
D:\Documents\git_work\StitchesSoftRenderer\cmake-build-debug\CMakeFiles\CMakeTmp\CheckIncludeFile.c:1:10: fatal error: libunwind.h: No such file or directory
    1 | #include <libunwind.h>
      |          ^~~~~~~~~~~~~
compilation terminated.
CMakeFiles\cmTC_74964.dir\build.make:84: recipe for target 'CMakeFiles/cmTC_74964.dir/CheckIncludeFile.c.obj' failed
mingw32-make.exe[1]: *** [CMakeFiles/cmTC_74964.dir/CheckIncludeFile.c.obj] Error 1
mingw32-make.exe[1]: Leaving directory 'D:/Documents/git_work/StitchesSoftRenderer/cmake-build-debug/CMakeFiles/CMakeTmp'
Makefile:140: recipe for target 'cmTC_74964/fast' failed
mingw32-make.exe: *** [cmTC_74964/fast] Error 2



Performing C SOURCE FILE Test HAVE_MPROTECT failed with the following output:
Change Dir: D:/Documents/git_work/StitchesSoftRenderer/cmake-build-debug/CMakeFiles/CMakeTmp

Run Build Command(s):D:/Software/Development/TDM-GCC-64/bin/mingw32-make.exe cmTC_3b732/fast && D:/Software/Development/TDM-GCC-64/bin/mingw32-make.exe  -f CMakeFiles\cmTC_3b732.dir\build.make CMakeFiles/cmTC_3b732.dir/build
mingw32-make.exe[1]: Entering directory 'D:/Documents/git_work/StitchesSoftRenderer/cmake-build-debug/CMakeFiles/CMakeTmp'
Building C object CMakeFiles/cmTC_3b732.dir/src.c.obj
D:\Software\Development\TDM-GCC-64\bin\gcc.exe   -idirafter "D:/Documents/git_work/StitchesSoftRenderer/lib/SDL2.0.15.14858/src/video/khronos" -DHAVE_MPROTECT   -o CMakeFiles\cmTC_3b732.dir\src.c.obj   -c D:\Documents\git_work\StitchesSoftRenderer\cmake-build-debug\CMakeFiles\CMakeTmp\src.c
D:\Documents\git_work\StitchesSoftRenderer\cmake-build-debug\CMakeFiles\CMakeTmp\src.c:2:39: fatal error: sys/mman.h: No such file or directory
    2 |                              #include <sys/mman.h>
      |                                       ^~~~~~~~~~~~
compilation terminated.
CMakeFiles\cmTC_3b732.dir\build.make:84: recipe for target 'CMakeFiles/cmTC_3b732.dir/src.c.obj' failed
mingw32-make.exe[1]: *** [CMakeFiles/cmTC_3b732.dir/src.c.obj] Error 1
mingw32-make.exe[1]: Leaving directory 'D:/Documents/git_work/StitchesSoftRenderer/cmake-build-debug/CMakeFiles/CMakeTmp'
Makefile:140: recipe for target 'cmTC_3b732/fast' failed
mingw32-make.exe: *** [cmTC_3b732/fast] Error 2


Source file was:
#include <sys/types.h>
                             #include <sys/mman.h>
                             int main() { }
Determining if the setenv exist failed with the following output:
Change Dir: D:/Documents/git_work/StitchesSoftRenderer/cmake-build-debug/CMakeFiles/CMakeTmp

Run Build Command(s):D:/Software/Development/TDM-GCC-64/bin/mingw32-make.exe cmTC_2448c/fast && D:/Software/Development/TDM-GCC-64/bin/mingw32-make.exe  -f CMakeFiles\cmTC_2448c.dir\build.make CMakeFiles/cmTC_2448c.dir/build
mingw32-make.exe[1]: Entering directory 'D:/Documents/git_work/StitchesSoftRenderer/cmake-build-debug/CMakeFiles/CMakeTmp'
Building C object CMakeFiles/cmTC_2448c.dir/CheckSymbolExists.c.obj
D:\Software\Development\TDM-GCC-64\bin\gcc.exe   -idirafter "D:/Documents/git_work/StitchesSoftRenderer/lib/SDL2.0.15.14858/src/video/khronos"    -o CMakeFiles\cmTC_2448c.dir\CheckSymbolExists.c.obj   -c D:\Documents\git_work\StitchesSoftRenderer\cmake-build-debug\CMakeFiles\CMakeTmp\CheckSymbolExists.c
D:\Documents\git_work\StitchesSoftRenderer\cmake-build-debug\CMakeFiles\CMakeTmp\CheckSymbolExists.c: In function 'main':
D:\Documents\git_work\StitchesSoftRenderer\cmake-build-debug\CMakeFiles\CMakeTmp\CheckSymbolExists.c:14:19: error: 'setenv' undeclared (first use in this function); did you mean 'getenv'?
   14 |   return ((int*)(&setenv))[argc];
      |                   ^~~~~~
      |                   getenv
D:\Documents\git_work\StitchesSoftRenderer\cmake-build-debug\CMakeFiles\CMakeTmp\CheckSymbolExists.c:14:19: note: each undeclared identifier is reported only once for each function it appears in
CMakeFiles\cmTC_2448c.dir\build.make:84: recipe for target 'CMakeFiles/cmTC_2448c.dir/CheckSymbolExists.c.obj' failed
mingw32-make.exe[1]: *** [CMakeFiles/cmTC_2448c.dir/CheckSymbolExists.c.obj] Error 1
mingw32-make.exe[1]: Leaving directory 'D:/Documents/git_work/StitchesSoftRenderer/cmake-build-debug/CMakeFiles/CMakeTmp'
Makefile:140: recipe for target 'cmTC_2448c/fast' failed
mingw32-make.exe: *** [cmTC_2448c/fast] Error 2


File D:/Documents/git_work/StitchesSoftRenderer/cmake-build-debug/CMakeFiles/CMakeTmp/CheckSymbolExists.c:
/* */
#include <stddef.h>
#include <stdarg.h>
#include <stdlib.h>
#include <string.h>
#include <stdio.h>
#include <wchar.h>
#include <float.h>

int main(int argc, char** argv)
{
  (void)argv;
#ifndef setenv
  return ((int*)(&setenv))[argc];
#else
  (void)argc;
  return 0;
#endif
}
Determining if the unsetenv exist failed with the following output:
Change Dir: D:/Documents/git_work/StitchesSoftRenderer/cmake-build-debug/CMakeFiles/CMakeTmp

Run Build Command(s):D:/Software/Development/TDM-GCC-64/bin/mingw32-make.exe cmTC_79212/fast && D:/Software/Development/TDM-GCC-64/bin/mingw32-make.exe  -f CMakeFiles\cmTC_79212.dir\build.make CMakeFiles/cmTC_79212.dir/build
mingw32-make.exe[1]: Entering directory 'D:/Documents/git_work/StitchesSoftRenderer/cmake-build-debug/CMakeFiles/CMakeTmp'
Building C object CMakeFiles/cmTC_79212.dir/CheckSymbolExists.c.obj
D:\Software\Development\TDM-GCC-64\bin\gcc.exe   -idirafter "D:/Documents/git_work/StitchesSoftRenderer/lib/SDL2.0.15.14858/src/video/khronos"    -o CMakeFiles\cmTC_79212.dir\CheckSymbolExists.c.obj   -c D:\Documents\git_work\StitchesSoftRenderer\cmake-build-debug\CMakeFiles\CMakeTmp\CheckSymbolExists.c
D:\Documents\git_work\StitchesSoftRenderer\cmake-build-debug\CMakeFiles\CMakeTmp\CheckSymbolExists.c: In function 'main':
D:\Documents\git_work\StitchesSoftRenderer\cmake-build-debug\CMakeFiles\CMakeTmp\CheckSymbolExists.c:14:19: error: 'unsetenv' undeclared (first use in this function)
   14 |   return ((int*)(&unsetenv))[argc];
      |                   ^~~~~~~~
D:\Documents\git_work\StitchesSoftRenderer\cmake-build-debug\CMakeFiles\CMakeTmp\CheckSymbolExists.c:14:19: note: each undeclared identifier is reported only once for each function it appears in
CMakeFiles\cmTC_79212.dir\build.make:84: recipe for target 'CMakeFiles/cmTC_79212.dir/CheckSymbolExists.c.obj' failed
mingw32-make.exe[1]: *** [CMakeFiles/cmTC_79212.dir/CheckSymbolExists.c.obj] Error 1
mingw32-make.exe[1]: Leaving directory 'D:/Documents/git_work/StitchesSoftRenderer/cmake-build-debug/CMakeFiles/CMakeTmp'
Makefile:140: recipe for target 'cmTC_79212/fast' failed
mingw32-make.exe: *** [cmTC_79212/fast] Error 2


File D:/Documents/git_work/StitchesSoftRenderer/cmake-build-debug/CMakeFiles/CMakeTmp/CheckSymbolExists.c:
/* */
#include <stddef.h>
#include <stdarg.h>
#include <stdlib.h>
#include <string.h>
#include <stdio.h>
#include <wchar.h>
#include <float.h>

int main(int argc, char** argv)
{
  (void)argv;
#ifndef unsetenv
  return ((int*)(&unsetenv))[argc];
#else
  (void)argc;
  return 0;
#endif
}
Determining if the bcopy exist failed with the following output:
Change Dir: D:/Documents/git_work/StitchesSoftRenderer/cmake-build-debug/CMakeFiles/CMakeTmp

Run Build Command(s):D:/Software/Development/TDM-GCC-64/bin/mingw32-make.exe cmTC_c39ab/fast && D:/Software/Development/TDM-GCC-64/bin/mingw32-make.exe  -f CMakeFiles\cmTC_c39ab.dir\build.make CMakeFiles/cmTC_c39ab.dir/build
mingw32-make.exe[1]: Entering directory 'D:/Documents/git_work/StitchesSoftRenderer/cmake-build-debug/CMakeFiles/CMakeTmp'
Building C object CMakeFiles/cmTC_c39ab.dir/CheckSymbolExists.c.obj
D:\Software\Development\TDM-GCC-64\bin\gcc.exe   -idirafter "D:/Documents/git_work/StitchesSoftRenderer/lib/SDL2.0.15.14858/src/video/khronos"    -o CMakeFiles\cmTC_c39ab.dir\CheckSymbolExists.c.obj   -c D:\Documents\git_work\StitchesSoftRenderer\cmake-build-debug\CMakeFiles\CMakeTmp\CheckSymbolExists.c
D:\Documents\git_work\StitchesSoftRenderer\cmake-build-debug\CMakeFiles\CMakeTmp\CheckSymbolExists.c: In function 'main':
D:\Documents\git_work\StitchesSoftRenderer\cmake-build-debug\CMakeFiles\CMakeTmp\CheckSymbolExists.c:14:19: error: 'bcopy' undeclared (first use in this function)
   14 |   return ((int*)(&bcopy))[argc];
      |                   ^~~~~
D:\Documents\git_work\StitchesSoftRenderer\cmake-build-debug\CMakeFiles\CMakeTmp\CheckSymbolExists.c:14:19: note: each undeclared identifier is reported only once for each function it appears in
CMakeFiles\cmTC_c39ab.dir\build.make:84: recipe for target 'CMakeFiles/cmTC_c39ab.dir/CheckSymbolExists.c.obj' failed
mingw32-make.exe[1]: *** [CMakeFiles/cmTC_c39ab.dir/CheckSymbolExists.c.obj] Error 1
mingw32-make.exe[1]: Leaving directory 'D:/Documents/git_work/StitchesSoftRenderer/cmake-build-debug/CMakeFiles/CMakeTmp'
Makefile:140: recipe for target 'cmTC_c39ab/fast' failed
mingw32-make.exe: *** [cmTC_c39ab/fast] Error 2


File D:/Documents/git_work/StitchesSoftRenderer/cmake-build-debug/CMakeFiles/CMakeTmp/CheckSymbolExists.c:
/* */
#include <stddef.h>
#include <stdarg.h>
#include <stdlib.h>
#include <string.h>
#include <stdio.h>
#include <wchar.h>
#include <float.h>

int main(int argc, char** argv)
{
  (void)argv;
#ifndef bcopy
  return ((int*)(&bcopy))[argc];
#else
  (void)argc;
  return 0;
#endif
}
Determining if the strlcpy exist failed with the following output:
Change Dir: D:/Documents/git_work/StitchesSoftRenderer/cmake-build-debug/CMakeFiles/CMakeTmp

Run Build Command(s):D:/Software/Development/TDM-GCC-64/bin/mingw32-make.exe cmTC_7f0b2/fast && D:/Software/Development/TDM-GCC-64/bin/mingw32-make.exe  -f CMakeFiles\cmTC_7f0b2.dir\build.make CMakeFiles/cmTC_7f0b2.dir/build
mingw32-make.exe[1]: Entering directory 'D:/Documents/git_work/StitchesSoftRenderer/cmake-build-debug/CMakeFiles/CMakeTmp'
Building C object CMakeFiles/cmTC_7f0b2.dir/CheckSymbolExists.c.obj
D:\Software\Development\TDM-GCC-64\bin\gcc.exe   -idirafter "D:/Documents/git_work/StitchesSoftRenderer/lib/SDL2.0.15.14858/src/video/khronos"    -o CMakeFiles\cmTC_7f0b2.dir\CheckSymbolExists.c.obj   -c D:\Documents\git_work\StitchesSoftRenderer\cmake-build-debug\CMakeFiles\CMakeTmp\CheckSymbolExists.c
D:\Documents\git_work\StitchesSoftRenderer\cmake-build-debug\CMakeFiles\CMakeTmp\CheckSymbolExists.c: In function 'main':
D:\Documents\git_work\StitchesSoftRenderer\cmake-build-debug\CMakeFiles\CMakeTmp\CheckSymbolExists.c:14:19: error: 'strlcpy' undeclared (first use in this function); did you mean 'strncpy'?
   14 |   return ((int*)(&strlcpy))[argc];
      |                   ^~~~~~~
      |                   strncpy
D:\Documents\git_work\StitchesSoftRenderer\cmake-build-debug\CMakeFiles\CMakeTmp\CheckSymbolExists.c:14:19: note: each undeclared identifier is reported only once for each function it appears in
CMakeFiles\cmTC_7f0b2.dir\build.make:84: recipe for target 'CMakeFiles/cmTC_7f0b2.dir/CheckSymbolExists.c.obj' failed
mingw32-make.exe[1]: *** [CMakeFiles/cmTC_7f0b2.dir/CheckSymbolExists.c.obj] Error 1
mingw32-make.exe[1]: Leaving directory 'D:/Documents/git_work/StitchesSoftRenderer/cmake-build-debug/CMakeFiles/CMakeTmp'
Makefile:140: recipe for target 'cmTC_7f0b2/fast' failed
mingw32-make.exe: *** [cmTC_7f0b2/fast] Error 2


File D:/Documents/git_work/StitchesSoftRenderer/cmake-build-debug/CMakeFiles/CMakeTmp/CheckSymbolExists.c:
/* */
#include <stddef.h>
#include <stdarg.h>
#include <stdlib.h>
#include <string.h>
#include <stdio.h>
#include <wchar.h>
#include <float.h>

int main(int argc, char** argv)
{
  (void)argv;
#ifndef strlcpy
  return ((int*)(&strlcpy))[argc];
#else
  (void)argc;
  return 0;
#endif
}
Determining if the strlcat exist failed with the following output:
Change Dir: D:/Documents/git_work/StitchesSoftRenderer/cmake-build-debug/CMakeFiles/CMakeTmp

Run Build Command(s):D:/Software/Development/TDM-GCC-64/bin/mingw32-make.exe cmTC_a0afd/fast && D:/Software/Development/TDM-GCC-64/bin/mingw32-make.exe  -f CMakeFiles\cmTC_a0afd.dir\build.make CMakeFiles/cmTC_a0afd.dir/build
mingw32-make.exe[1]: Entering directory 'D:/Documents/git_work/StitchesSoftRenderer/cmake-build-debug/CMakeFiles/CMakeTmp'
Building C object CMakeFiles/cmTC_a0afd.dir/CheckSymbolExists.c.obj
D:\Software\Development\TDM-GCC-64\bin\gcc.exe   -idirafter "D:/Documents/git_work/StitchesSoftRenderer/lib/SDL2.0.15.14858/src/video/khronos"    -o CMakeFiles\cmTC_a0afd.dir\CheckSymbolExists.c.obj   -c D:\Documents\git_work\StitchesSoftRenderer\cmake-build-debug\CMakeFiles\CMakeTmp\CheckSymbolExists.c
D:\Documents\git_work\StitchesSoftRenderer\cmake-build-debug\CMakeFiles\CMakeTmp\CheckSymbolExists.c: In function 'main':
D:\Documents\git_work\StitchesSoftRenderer\cmake-build-debug\CMakeFiles\CMakeTmp\CheckSymbolExists.c:14:19: error: 'strlcat' undeclared (first use in this function); did you mean 'strncat'?
   14 |   return ((int*)(&strlcat))[argc];
      |                   ^~~~~~~
      |                   strncat
D:\Documents\git_work\StitchesSoftRenderer\cmake-build-debug\CMakeFiles\CMakeTmp\CheckSymbolExists.c:14:19: note: each undeclared identifier is reported only once for each function it appears in
CMakeFiles\cmTC_a0afd.dir\build.make:84: recipe for target 'CMakeFiles/cmTC_a0afd.dir/CheckSymbolExists.c.obj' failed
mingw32-make.exe[1]: *** [CMakeFiles/cmTC_a0afd.dir/CheckSymbolExists.c.obj] Error 1
mingw32-make.exe[1]: Leaving directory 'D:/Documents/git_work/StitchesSoftRenderer/cmake-build-debug/CMakeFiles/CMakeTmp'
Makefile:140: recipe for target 'cmTC_a0afd/fast' failed
mingw32-make.exe: *** [cmTC_a0afd/fast] Error 2


File D:/Documents/git_work/StitchesSoftRenderer/cmake-build-debug/CMakeFiles/CMakeTmp/CheckSymbolExists.c:
/* */
#include <stddef.h>
#include <stdarg.h>
#include <stdlib.h>
#include <string.h>
#include <stdio.h>
#include <wchar.h>
#include <float.h>

int main(int argc, char** argv)
{
  (void)argv;
#ifndef strlcat
  return ((int*)(&strlcat))[argc];
#else
  (void)argc;
  return 0;
#endif
}
Determining if the _uitoa exist failed with the following output:
Change Dir: D:/Documents/git_work/StitchesSoftRenderer/cmake-build-debug/CMakeFiles/CMakeTmp

Run Build Command(s):D:/Software/Development/TDM-GCC-64/bin/mingw32-make.exe cmTC_cf7fb/fast && D:/Software/Development/TDM-GCC-64/bin/mingw32-make.exe  -f CMakeFiles\cmTC_cf7fb.dir\build.make CMakeFiles/cmTC_cf7fb.dir/build
mingw32-make.exe[1]: Entering directory 'D:/Documents/git_work/StitchesSoftRenderer/cmake-build-debug/CMakeFiles/CMakeTmp'
Building C object CMakeFiles/cmTC_cf7fb.dir/CheckSymbolExists.c.obj
D:\Software\Development\TDM-GCC-64\bin\gcc.exe   -idirafter "D:/Documents/git_work/StitchesSoftRenderer/lib/SDL2.0.15.14858/src/video/khronos"    -o CMakeFiles\cmTC_cf7fb.dir\CheckSymbolExists.c.obj   -c D:\Documents\git_work\StitchesSoftRenderer\cmake-build-debug\CMakeFiles\CMakeTmp\CheckSymbolExists.c
D:\Documents\git_work\StitchesSoftRenderer\cmake-build-debug\CMakeFiles\CMakeTmp\CheckSymbolExists.c: In function 'main':
D:\Documents\git_work\StitchesSoftRenderer\cmake-build-debug\CMakeFiles\CMakeTmp\CheckSymbolExists.c:14:19: error: '_uitoa' undeclared (first use in this function); did you mean '_ultoa'?
   14 |   return ((int*)(&_uitoa))[argc];
      |                   ^~~~~~
      |                   _ultoa
D:\Documents\git_work\StitchesSoftRenderer\cmake-build-debug\CMakeFiles\CMakeTmp\CheckSymbolExists.c:14:19: note: each undeclared identifier is reported only once for each function it appears in
CMakeFiles\cmTC_cf7fb.dir\build.make:84: recipe for target 'CMakeFiles/cmTC_cf7fb.dir/CheckSymbolExists.c.obj' failed
mingw32-make.exe[1]: *** [CMakeFiles/cmTC_cf7fb.dir/CheckSymbolExists.c.obj] Error 1
mingw32-make.exe[1]: Leaving directory 'D:/Documents/git_work/StitchesSoftRenderer/cmake-build-debug/CMakeFiles/CMakeTmp'
Makefile:140: recipe for target 'cmTC_cf7fb/fast' failed
mingw32-make.exe: *** [cmTC_cf7fb/fast] Error 2


File D:/Documents/git_work/StitchesSoftRenderer/cmake-build-debug/CMakeFiles/CMakeTmp/CheckSymbolExists.c:
/* */
#include <stddef.h>
#include <stdarg.h>
#include <stdlib.h>
#include <string.h>
#include <stdio.h>
#include <wchar.h>
#include <float.h>

int main(int argc, char** argv)
{
  (void)argv;
#ifndef _uitoa
  return ((int*)(&_uitoa))[argc];
#else
  (void)argc;
  return 0;
#endif
}
Determining if the wcslcat exist failed with the following output:
Change Dir: D:/Documents/git_work/StitchesSoftRenderer/cmake-build-debug/CMakeFiles/CMakeTmp

Run Build Command(s):D:/Software/Development/TDM-GCC-64/bin/mingw32-make.exe cmTC_7dd59/fast && D:/Software/Development/TDM-GCC-64/bin/mingw32-make.exe  -f CMakeFiles\cmTC_7dd59.dir\build.make CMakeFiles/cmTC_7dd59.dir/build
mingw32-make.exe[1]: Entering directory 'D:/Documents/git_work/StitchesSoftRenderer/cmake-build-debug/CMakeFiles/CMakeTmp'
Building C object CMakeFiles/cmTC_7dd59.dir/CheckSymbolExists.c.obj
D:\Software\Development\TDM-GCC-64\bin\gcc.exe   -idirafter "D:/Documents/git_work/StitchesSoftRenderer/lib/SDL2.0.15.14858/src/video/khronos"    -o CMakeFiles\cmTC_7dd59.dir\CheckSymbolExists.c.obj   -c D:\Documents\git_work\StitchesSoftRenderer\cmake-build-debug\CMakeFiles\CMakeTmp\CheckSymbolExists.c
D:\Documents\git_work\StitchesSoftRenderer\cmake-build-debug\CMakeFiles\CMakeTmp\CheckSymbolExists.c: In function 'main':
D:\Documents\git_work\StitchesSoftRenderer\cmake-build-debug\CMakeFiles\CMakeTmp\CheckSymbolExists.c:14:19: error: 'wcslcat' undeclared (first use in this function); did you mean 'wcsncat'?
   14 |   return ((int*)(&wcslcat))[argc];
      |                   ^~~~~~~
      |                   wcsncat
D:\Documents\git_work\StitchesSoftRenderer\cmake-build-debug\CMakeFiles\CMakeTmp\CheckSymbolExists.c:14:19: note: each undeclared identifier is reported only once for each function it appears in
CMakeFiles\cmTC_7dd59.dir\build.make:84: recipe for target 'CMakeFiles/cmTC_7dd59.dir/CheckSymbolExists.c.obj' failed
mingw32-make.exe[1]: *** [CMakeFiles/cmTC_7dd59.dir/CheckSymbolExists.c.obj] Error 1
mingw32-make.exe[1]: Leaving directory 'D:/Documents/git_work/StitchesSoftRenderer/cmake-build-debug/CMakeFiles/CMakeTmp'
Makefile:140: recipe for target 'cmTC_7dd59/fast' failed
mingw32-make.exe: *** [cmTC_7dd59/fast] Error 2


File D:/Documents/git_work/StitchesSoftRenderer/cmake-build-debug/CMakeFiles/CMakeTmp/CheckSymbolExists.c:
/* */
#include <stddef.h>
#include <stdarg.h>
#include <stdlib.h>
#include <string.h>
#include <stdio.h>
#include <wchar.h>
#include <float.h>

int main(int argc, char** argv)
{
  (void)argv;
#ifndef wcslcat
  return ((int*)(&wcslcat))[argc];
#else
  (void)argc;
  return 0;
#endif
}
Determining if the wcslcpy exist failed with the following output:
Change Dir: D:/Documents/git_work/StitchesSoftRenderer/cmake-build-debug/CMakeFiles/CMakeTmp

Run Build Command(s):D:/Software/Development/TDM-GCC-64/bin/mingw32-make.exe cmTC_afd77/fast && D:/Software/Development/TDM-GCC-64/bin/mingw32-make.exe  -f CMakeFiles\cmTC_afd77.dir\build.make CMakeFiles/cmTC_afd77.dir/build
mingw32-make.exe[1]: Entering directory 'D:/Documents/git_work/StitchesSoftRenderer/cmake-build-debug/CMakeFiles/CMakeTmp'
Building C object CMakeFiles/cmTC_afd77.dir/CheckSymbolExists.c.obj
D:\Software\Development\TDM-GCC-64\bin\gcc.exe   -idirafter "D:/Documents/git_work/StitchesSoftRenderer/lib/SDL2.0.15.14858/src/video/khronos"    -o CMakeFiles\cmTC_afd77.dir\CheckSymbolExists.c.obj   -c D:\Documents\git_work\StitchesSoftRenderer\cmake-build-debug\CMakeFiles\CMakeTmp\CheckSymbolExists.c
D:\Documents\git_work\StitchesSoftRenderer\cmake-build-debug\CMakeFiles\CMakeTmp\CheckSymbolExists.c: In function 'main':
D:\Documents\git_work\StitchesSoftRenderer\cmake-build-debug\CMakeFiles\CMakeTmp\CheckSymbolExists.c:14:19: error: 'wcslcpy' undeclared (first use in this function); did you mean 'wcsncpy'?
   14 |   return ((int*)(&wcslcpy))[argc];
      |                   ^~~~~~~
      |                   wcsncpy
D:\Documents\git_work\StitchesSoftRenderer\cmake-build-debug\CMakeFiles\CMakeTmp\CheckSymbolExists.c:14:19: note: each undeclared identifier is reported only once for each function it appears in
CMakeFiles\cmTC_afd77.dir\build.make:84: recipe for target 'CMakeFiles/cmTC_afd77.dir/CheckSymbolExists.c.obj' failed
mingw32-make.exe[1]: *** [CMakeFiles/cmTC_afd77.dir/CheckSymbolExists.c.obj] Error 1
mingw32-make.exe[1]: Leaving directory 'D:/Documents/git_work/StitchesSoftRenderer/cmake-build-debug/CMakeFiles/CMakeTmp'
Makefile:140: recipe for target 'cmTC_afd77/fast' failed
mingw32-make.exe: *** [cmTC_afd77/fast] Error 2


File D:/Documents/git_work/StitchesSoftRenderer/cmake-build-debug/CMakeFiles/CMakeTmp/CheckSymbolExists.c:
/* */
#include <stddef.h>
#include <stdarg.h>
#include <stdlib.h>
#include <string.h>
#include <stdio.h>
#include <wchar.h>
#include <float.h>

int main(int argc, char** argv)
{
  (void)argv;
#ifndef wcslcpy
  return ((int*)(&wcslcpy))[argc];
#else
  (void)argc;
  return 0;
#endif
}
Determining if the wcscasecmp exist failed with the following output:
Change Dir: D:/Documents/git_work/StitchesSoftRenderer/cmake-build-debug/CMakeFiles/CMakeTmp

Run Build Command(s):D:/Software/Development/TDM-GCC-64/bin/mingw32-make.exe cmTC_a5d85/fast && D:/Software/Development/TDM-GCC-64/bin/mingw32-make.exe  -f CMakeFiles\cmTC_a5d85.dir\build.make CMakeFiles/cmTC_a5d85.dir/build
mingw32-make.exe[1]: Entering directory 'D:/Documents/git_work/StitchesSoftRenderer/cmake-build-debug/CMakeFiles/CMakeTmp'
Building C object CMakeFiles/cmTC_a5d85.dir/CheckSymbolExists.c.obj
D:\Software\Development\TDM-GCC-64\bin\gcc.exe   -idirafter "D:/Documents/git_work/StitchesSoftRenderer/lib/SDL2.0.15.14858/src/video/khronos"    -o CMakeFiles\cmTC_a5d85.dir\CheckSymbolExists.c.obj   -c D:\Documents\git_work\StitchesSoftRenderer\cmake-build-debug\CMakeFiles\CMakeTmp\CheckSymbolExists.c
D:\Documents\git_work\StitchesSoftRenderer\cmake-build-debug\CMakeFiles\CMakeTmp\CheckSymbolExists.c: In function 'main':
D:\Documents\git_work\StitchesSoftRenderer\cmake-build-debug\CMakeFiles\CMakeTmp\CheckSymbolExists.c:14:19: error: 'wcscasecmp' undeclared (first use in this function); did you mean 'strcasecmp'?
   14 |   return ((int*)(&wcscasecmp))[argc];
      |                   ^~~~~~~~~~
      |                   strcasecmp
D:\Documents\git_work\StitchesSoftRenderer\cmake-build-debug\CMakeFiles\CMakeTmp\CheckSymbolExists.c:14:19: note: each undeclared identifier is reported only once for each function it appears in
CMakeFiles\cmTC_a5d85.dir\build.make:84: recipe for target 'CMakeFiles/cmTC_a5d85.dir/CheckSymbolExists.c.obj' failed
mingw32-make.exe[1]: *** [CMakeFiles/cmTC_a5d85.dir/CheckSymbolExists.c.obj] Error 1
mingw32-make.exe[1]: Leaving directory 'D:/Documents/git_work/StitchesSoftRenderer/cmake-build-debug/CMakeFiles/CMakeTmp'
Makefile:140: recipe for target 'cmTC_a5d85/fast' failed
mingw32-make.exe: *** [cmTC_a5d85/fast] Error 2


File D:/Documents/git_work/StitchesSoftRenderer/cmake-build-debug/CMakeFiles/CMakeTmp/CheckSymbolExists.c:
/* */
#include <stddef.h>
#include <stdarg.h>
#include <stdlib.h>
#include <string.h>
#include <stdio.h>
#include <wchar.h>
#include <float.h>

int main(int argc, char** argv)
{
  (void)argv;
#ifndef wcscasecmp
  return ((int*)(&wcscasecmp))[argc];
#else
  (void)argc;
  return 0;
#endif
}
Determining if the wcsncasecmp exist failed with the following output:
Change Dir: D:/Documents/git_work/StitchesSoftRenderer/cmake-build-debug/CMakeFiles/CMakeTmp

Run Build Command(s):D:/Software/Development/TDM-GCC-64/bin/mingw32-make.exe cmTC_b51ab/fast && D:/Software/Development/TDM-GCC-64/bin/mingw32-make.exe  -f CMakeFiles\cmTC_b51ab.dir\build.make CMakeFiles/cmTC_b51ab.dir/build
mingw32-make.exe[1]: Entering directory 'D:/Documents/git_work/StitchesSoftRenderer/cmake-build-debug/CMakeFiles/CMakeTmp'
Building C object CMakeFiles/cmTC_b51ab.dir/CheckSymbolExists.c.obj
D:\Software\Development\TDM-GCC-64\bin\gcc.exe   -idirafter "D:/Documents/git_work/StitchesSoftRenderer/lib/SDL2.0.15.14858/src/video/khronos"    -o CMakeFiles\cmTC_b51ab.dir\CheckSymbolExists.c.obj   -c D:\Documents\git_work\StitchesSoftRenderer\cmake-build-debug\CMakeFiles\CMakeTmp\CheckSymbolExists.c
D:\Documents\git_work\StitchesSoftRenderer\cmake-build-debug\CMakeFiles\CMakeTmp\CheckSymbolExists.c: In function 'main':
D:\Documents\git_work\StitchesSoftRenderer\cmake-build-debug\CMakeFiles\CMakeTmp\CheckSymbolExists.c:14:19: error: 'wcsncasecmp' undeclared (first use in this function); did you mean 'strncasecmp'?
   14 |   return ((int*)(&wcsncasecmp))[argc];
      |                   ^~~~~~~~~~~
      |                   strncasecmp
D:\Documents\git_work\StitchesSoftRenderer\cmake-build-debug\CMakeFiles\CMakeTmp\CheckSymbolExists.c:14:19: note: each undeclared identifier is reported only once for each function it appears in
CMakeFiles\cmTC_b51ab.dir\build.make:84: recipe for target 'CMakeFiles/cmTC_b51ab.dir/CheckSymbolExists.c.obj' failed
mingw32-make.exe[1]: *** [CMakeFiles/cmTC_b51ab.dir/CheckSymbolExists.c.obj] Error 1
mingw32-make.exe[1]: Leaving directory 'D:/Documents/git_work/StitchesSoftRenderer/cmake-build-debug/CMakeFiles/CMakeTmp'
Makefile:140: recipe for target 'cmTC_b51ab/fast' failed
mingw32-make.exe: *** [cmTC_b51ab/fast] Error 2


File D:/Documents/git_work/StitchesSoftRenderer/cmake-build-debug/CMakeFiles/CMakeTmp/CheckSymbolExists.c:
/* */
#include <stddef.h>
#include <stdarg.h>
#include <stdlib.h>
#include <string.h>
#include <stdio.h>
#include <wchar.h>
#include <float.h>

int main(int argc, char** argv)
{
  (void)argv;
#ifndef wcsncasecmp
  return ((int*)(&wcsncasecmp))[argc];
#else
  (void)argc;
  return 0;
#endif
}
Determining if the sigaction exist failed with the following output:
Change Dir: D:/Documents/git_work/StitchesSoftRenderer/cmake-build-debug/CMakeFiles/CMakeTmp

Run Build Command(s):D:/Software/Development/TDM-GCC-64/bin/mingw32-make.exe cmTC_b8a0e/fast && D:/Software/Development/TDM-GCC-64/bin/mingw32-make.exe  -f CMakeFiles\cmTC_b8a0e.dir\build.make CMakeFiles/cmTC_b8a0e.dir/build
mingw32-make.exe[1]: Entering directory 'D:/Documents/git_work/StitchesSoftRenderer/cmake-build-debug/CMakeFiles/CMakeTmp'
Building C object CMakeFiles/cmTC_b8a0e.dir/CheckSymbolExists.c.obj
D:\Software\Development\TDM-GCC-64\bin\gcc.exe   -idirafter "D:/Documents/git_work/StitchesSoftRenderer/lib/SDL2.0.15.14858/src/video/khronos"    -o CMakeFiles\cmTC_b8a0e.dir\CheckSymbolExists.c.obj   -c D:\Documents\git_work\StitchesSoftRenderer\cmake-build-debug\CMakeFiles\CMakeTmp\CheckSymbolExists.c
D:\Documents\git_work\StitchesSoftRenderer\cmake-build-debug\CMakeFiles\CMakeTmp\CheckSymbolExists.c: In function 'main':
D:\Documents\git_work\StitchesSoftRenderer\cmake-build-debug\CMakeFiles\CMakeTmp\CheckSymbolExists.c:8:19: error: 'sigaction' undeclared (first use in this function)
    8 |   return ((int*)(&sigaction))[argc];
      |                   ^~~~~~~~~
D:\Documents\git_work\StitchesSoftRenderer\cmake-build-debug\CMakeFiles\CMakeTmp\CheckSymbolExists.c:8:19: note: each undeclared identifier is reported only once for each function it appears in
CMakeFiles\cmTC_b8a0e.dir\build.make:84: recipe for target 'CMakeFiles/cmTC_b8a0e.dir/CheckSymbolExists.c.obj' failed
mingw32-make.exe[1]: *** [CMakeFiles/cmTC_b8a0e.dir/CheckSymbolExists.c.obj] Error 1
mingw32-make.exe[1]: Leaving directory 'D:/Documents/git_work/StitchesSoftRenderer/cmake-build-debug/CMakeFiles/CMakeTmp'
Makefile:140: recipe for target 'cmTC_b8a0e/fast' failed
mingw32-make.exe: *** [cmTC_b8a0e/fast] Error 2


File D:/Documents/git_work/StitchesSoftRenderer/cmake-build-debug/CMakeFiles/CMakeTmp/CheckSymbolExists.c:
/* */
#include <signal.h>

int main(int argc, char** argv)
{
  (void)argv;
#ifndef sigaction
  return ((int*)(&sigaction))[argc];
#else
  (void)argc;
  return 0;
#endif
}
Determining if the sysconf exist failed with the following output:
Change Dir: D:/Documents/git_work/StitchesSoftRenderer/cmake-build-debug/CMakeFiles/CMakeTmp

Run Build Command(s):D:/Software/Development/TDM-GCC-64/bin/mingw32-make.exe cmTC_59218/fast && D:/Software/Development/TDM-GCC-64/bin/mingw32-make.exe  -f CMakeFiles\cmTC_59218.dir\build.make CMakeFiles/cmTC_59218.dir/build
mingw32-make.exe[1]: Entering directory 'D:/Documents/git_work/StitchesSoftRenderer/cmake-build-debug/CMakeFiles/CMakeTmp'
Building C object CMakeFiles/cmTC_59218.dir/CheckSymbolExists.c.obj
D:\Software\Development\TDM-GCC-64\bin\gcc.exe   -idirafter "D:/Documents/git_work/StitchesSoftRenderer/lib/SDL2.0.15.14858/src/video/khronos"    -o CMakeFiles\cmTC_59218.dir\CheckSymbolExists.c.obj   -c D:\Documents\git_work\StitchesSoftRenderer\cmake-build-debug\CMakeFiles\CMakeTmp\CheckSymbolExists.c
D:\Documents\git_work\StitchesSoftRenderer\cmake-build-debug\CMakeFiles\CMakeTmp\CheckSymbolExists.c: In function 'main':
D:\Documents\git_work\StitchesSoftRenderer\cmake-build-debug\CMakeFiles\CMakeTmp\CheckSymbolExists.c:8:19: error: 'sysconf' undeclared (first use in this function)
    8 |   return ((int*)(&sysconf))[argc];
      |                   ^~~~~~~
D:\Documents\git_work\StitchesSoftRenderer\cmake-build-debug\CMakeFiles\CMakeTmp\CheckSymbolExists.c:8:19: note: each undeclared identifier is reported only once for each function it appears in
CMakeFiles\cmTC_59218.dir\build.make:84: recipe for target 'CMakeFiles/cmTC_59218.dir/CheckSymbolExists.c.obj' failed
mingw32-make.exe[1]: *** [CMakeFiles/cmTC_59218.dir/CheckSymbolExists.c.obj] Error 1
mingw32-make.exe[1]: Leaving directory 'D:/Documents/git_work/StitchesSoftRenderer/cmake-build-debug/CMakeFiles/CMakeTmp'
Makefile:140: recipe for target 'cmTC_59218/fast' failed
mingw32-make.exe: *** [cmTC_59218/fast] Error 2


File D:/Documents/git_work/StitchesSoftRenderer/cmake-build-debug/CMakeFiles/CMakeTmp/CheckSymbolExists.c:
/* */
#include <unistd.h>

int main(int argc, char** argv)
{
  (void)argv;
#ifndef sysconf
  return ((int*)(&sysconf))[argc];
#else
  (void)argc;
  return 0;
#endif
}
Determining if the sysctlbyname exist failed with the following output:
Change Dir: D:/Documents/git_work/StitchesSoftRenderer/cmake-build-debug/CMakeFiles/CMakeTmp

Run Build Command(s):D:/Software/Development/TDM-GCC-64/bin/mingw32-make.exe cmTC_13eb2/fast && D:/Software/Development/TDM-GCC-64/bin/mingw32-make.exe  -f CMakeFiles\cmTC_13eb2.dir\build.make CMakeFiles/cmTC_13eb2.dir/build
mingw32-make.exe[1]: Entering directory 'D:/Documents/git_work/StitchesSoftRenderer/cmake-build-debug/CMakeFiles/CMakeTmp'
Building C object CMakeFiles/cmTC_13eb2.dir/CheckSymbolExists.c.obj
D:\Software\Development\TDM-GCC-64\bin\gcc.exe   -idirafter "D:/Documents/git_work/StitchesSoftRenderer/lib/SDL2.0.15.14858/src/video/khronos"    -o CMakeFiles\cmTC_13eb2.dir\CheckSymbolExists.c.obj   -c D:\Documents\git_work\StitchesSoftRenderer\cmake-build-debug\CMakeFiles\CMakeTmp\CheckSymbolExists.c
D:\Documents\git_work\StitchesSoftRenderer\cmake-build-debug\CMakeFiles\CMakeTmp\CheckSymbolExists.c:3:10: fatal error: sys/sysctl.h: No such file or directory
    3 | #include <sys/sysctl.h>
      |          ^~~~~~~~~~~~~~
compilation terminated.
CMakeFiles\cmTC_13eb2.dir\build.make:84: recipe for target 'CMakeFiles/cmTC_13eb2.dir/CheckSymbolExists.c.obj' failed
mingw32-make.exe[1]: *** [CMakeFiles/cmTC_13eb2.dir/CheckSymbolExists.c.obj] Error 1
mingw32-make.exe[1]: Leaving directory 'D:/Documents/git_work/StitchesSoftRenderer/cmake-build-debug/CMakeFiles/CMakeTmp'
Makefile:140: recipe for target 'cmTC_13eb2/fast' failed
mingw32-make.exe: *** [cmTC_13eb2/fast] Error 2


File D:/Documents/git_work/StitchesSoftRenderer/cmake-build-debug/CMakeFiles/CMakeTmp/CheckSymbolExists.c:
/* */
#include <sys/types.h>
#include <sys/sysctl.h>

int main(int argc, char** argv)
{
  (void)argv;
#ifndef sysctlbyname
  return ((int*)(&sysctlbyname))[argc];
#else
  (void)argc;
  return 0;
#endif
}
Determining if the getauxval exist failed with the following output:
Change Dir: D:/Documents/git_work/StitchesSoftRenderer/cmake-build-debug/CMakeFiles/CMakeTmp

Run Build Command(s):D:/Software/Development/TDM-GCC-64/bin/mingw32-make.exe cmTC_2c5cd/fast && D:/Software/Development/TDM-GCC-64/bin/mingw32-make.exe  -f CMakeFiles\cmTC_2c5cd.dir\build.make CMakeFiles/cmTC_2c5cd.dir/build
mingw32-make.exe[1]: Entering directory 'D:/Documents/git_work/StitchesSoftRenderer/cmake-build-debug/CMakeFiles/CMakeTmp'
Building C object CMakeFiles/cmTC_2c5cd.dir/CheckSymbolExists.c.obj
D:\Software\Development\TDM-GCC-64\bin\gcc.exe   -idirafter "D:/Documents/git_work/StitchesSoftRenderer/lib/SDL2.0.15.14858/src/video/khronos"    -o CMakeFiles\cmTC_2c5cd.dir\CheckSymbolExists.c.obj   -c D:\Documents\git_work\StitchesSoftRenderer\cmake-build-debug\CMakeFiles\CMakeTmp\CheckSymbolExists.c
D:\Documents\git_work\StitchesSoftRenderer\cmake-build-debug\CMakeFiles\CMakeTmp\CheckSymbolExists.c:2:10: fatal error: sys/auxv.h: No such file or directory
    2 | #include <sys/auxv.h>
      |          ^~~~~~~~~~~~
compilation terminated.
CMakeFiles\cmTC_2c5cd.dir\build.make:84: recipe for target 'CMakeFiles/cmTC_2c5cd.dir/CheckSymbolExists.c.obj' failed
mingw32-make.exe[1]: *** [CMakeFiles/cmTC_2c5cd.dir/CheckSymbolExists.c.obj] Error 1
mingw32-make.exe[1]: Leaving directory 'D:/Documents/git_work/StitchesSoftRenderer/cmake-build-debug/CMakeFiles/CMakeTmp'
Makefile:140: recipe for target 'cmTC_2c5cd/fast' failed
mingw32-make.exe: *** [cmTC_2c5cd/fast] Error 2


File D:/Documents/git_work/StitchesSoftRenderer/cmake-build-debug/CMakeFiles/CMakeTmp/CheckSymbolExists.c:
/* */
#include <sys/auxv.h>

int main(int argc, char** argv)
{
  (void)argv;
#ifndef getauxval
  return ((int*)(&getauxval))[argc];
#else
  (void)argc;
  return 0;
#endif
}
Determining if the elf_aux_info exist failed with the following output:
Change Dir: D:/Documents/git_work/StitchesSoftRenderer/cmake-build-debug/CMakeFiles/CMakeTmp

Run Build Command(s):D:/Software/Development/TDM-GCC-64/bin/mingw32-make.exe cmTC_c10c6/fast && D:/Software/Development/TDM-GCC-64/bin/mingw32-make.exe  -f CMakeFiles\cmTC_c10c6.dir\build.make CMakeFiles/cmTC_c10c6.dir/build
mingw32-make.exe[1]: Entering directory 'D:/Documents/git_work/StitchesSoftRenderer/cmake-build-debug/CMakeFiles/CMakeTmp'
Building C object CMakeFiles/cmTC_c10c6.dir/CheckSymbolExists.c.obj
D:\Software\Development\TDM-GCC-64\bin\gcc.exe   -idirafter "D:/Documents/git_work/StitchesSoftRenderer/lib/SDL2.0.15.14858/src/video/khronos"    -o CMakeFiles\cmTC_c10c6.dir\CheckSymbolExists.c.obj   -c D:\Documents\git_work\StitchesSoftRenderer\cmake-build-debug\CMakeFiles\CMakeTmp\CheckSymbolExists.c
D:\Documents\git_work\StitchesSoftRenderer\cmake-build-debug\CMakeFiles\CMakeTmp\CheckSymbolExists.c:2:10: fatal error: sys/auxv.h: No such file or directory
    2 | #include <sys/auxv.h>
      |          ^~~~~~~~~~~~
compilation terminated.
CMakeFiles\cmTC_c10c6.dir\build.make:84: recipe for target 'CMakeFiles/cmTC_c10c6.dir/CheckSymbolExists.c.obj' failed
mingw32-make.exe[1]: *** [CMakeFiles/cmTC_c10c6.dir/CheckSymbolExists.c.obj] Error 1
mingw32-make.exe[1]: Leaving directory 'D:/Documents/git_work/StitchesSoftRenderer/cmake-build-debug/CMakeFiles/CMakeTmp'
Makefile:140: recipe for target 'cmTC_c10c6/fast' failed
mingw32-make.exe: *** [cmTC_c10c6/fast] Error 2


File D:/Documents/git_work/StitchesSoftRenderer/cmake-build-debug/CMakeFiles/CMakeTmp/CheckSymbolExists.c:
/* */
#include <sys/auxv.h>

int main(int argc, char** argv)
{
  (void)argv;
#ifndef elf_aux_info
  return ((int*)(&elf_aux_info))[argc];
#else
  (void)argc;
  return 0;
#endif
}
Determining if the poll exist failed with the following output:
Change Dir: D:/Documents/git_work/StitchesSoftRenderer/cmake-build-debug/CMakeFiles/CMakeTmp

Run Build Command(s):D:/Software/Development/TDM-GCC-64/bin/mingw32-make.exe cmTC_ab723/fast && D:/Software/Development/TDM-GCC-64/bin/mingw32-make.exe  -f CMakeFiles\cmTC_ab723.dir\build.make CMakeFiles/cmTC_ab723.dir/build
mingw32-make.exe[1]: Entering directory 'D:/Documents/git_work/StitchesSoftRenderer/cmake-build-debug/CMakeFiles/CMakeTmp'
Building C object CMakeFiles/cmTC_ab723.dir/CheckSymbolExists.c.obj
D:\Software\Development\TDM-GCC-64\bin\gcc.exe   -idirafter "D:/Documents/git_work/StitchesSoftRenderer/lib/SDL2.0.15.14858/src/video/khronos"    -o CMakeFiles\cmTC_ab723.dir\CheckSymbolExists.c.obj   -c D:\Documents\git_work\StitchesSoftRenderer\cmake-build-debug\CMakeFiles\CMakeTmp\CheckSymbolExists.c
D:\Documents\git_work\StitchesSoftRenderer\cmake-build-debug\CMakeFiles\CMakeTmp\CheckSymbolExists.c:2:10: fatal error: poll.h: No such file or directory
    2 | #include <poll.h>
      |          ^~~~~~~~
compilation terminated.
CMakeFiles\cmTC_ab723.dir\build.make:84: recipe for target 'CMakeFiles/cmTC_ab723.dir/CheckSymbolExists.c.obj' failed
mingw32-make.exe[1]: *** [CMakeFiles/cmTC_ab723.dir/CheckSymbolExists.c.obj] Error 1
mingw32-make.exe[1]: Leaving directory 'D:/Documents/git_work/StitchesSoftRenderer/cmake-build-debug/CMakeFiles/CMakeTmp'
Makefile:140: recipe for target 'cmTC_ab723/fast' failed
mingw32-make.exe: *** [cmTC_ab723/fast] Error 2


File D:/Documents/git_work/StitchesSoftRenderer/cmake-build-debug/CMakeFiles/CMakeTmp/CheckSymbolExists.c:
/* */
#include <poll.h>

int main(int argc, char** argv)
{
  (void)argv;
#ifndef poll
  return ((int*)(&poll))[argc];
#else
  (void)argc;
  return 0;
#endif
}
Performing C SOURCE FILE Test HAVE_GCC_PREFERRED_STACK_BOUNDARY failed with the following output:
Change Dir: D:/Documents/git_work/StitchesSoftRenderer/cmake-build-debug/CMakeFiles/CMakeTmp

Run Build Command(s):D:/Software/Development/TDM-GCC-64/bin/mingw32-make.exe cmTC_f4ea8/fast && D:/Software/Development/TDM-GCC-64/bin/mingw32-make.exe  -f CMakeFiles\cmTC_f4ea8.dir\build.make CMakeFiles/cmTC_f4ea8.dir/build
mingw32-make.exe[1]: Entering directory 'D:/Documents/git_work/StitchesSoftRenderer/cmake-build-debug/CMakeFiles/CMakeTmp'
Building C object CMakeFiles/cmTC_f4ea8.dir/src.c.obj
D:\Software\Development\TDM-GCC-64\bin\gcc.exe   -idirafter "D:/Documents/git_work/StitchesSoftRenderer/lib/SDL2.0.15.14858/src/video/khronos" -DHAVE_GCC_PREFERRED_STACK_BOUNDARY -mpreferred-stack-boundary=2   -o CMakeFiles\cmTC_f4ea8.dir\src.c.obj   -c D:\Documents\git_work\StitchesSoftRenderer\cmake-build-debug\CMakeFiles\CMakeTmp\src.c
cc1.exe: error: '-mpreferred-stack-boundary=2' is not between 3 and 4
CMakeFiles\cmTC_f4ea8.dir\build.make:84: recipe for target 'CMakeFiles/cmTC_f4ea8.dir/src.c.obj' failed
mingw32-make.exe[1]: *** [CMakeFiles/cmTC_f4ea8.dir/src.c.obj] Error 1
mingw32-make.exe[1]: Leaving directory 'D:/Documents/git_work/StitchesSoftRenderer/cmake-build-debug/CMakeFiles/CMakeTmp'
Makefile:140: recipe for target 'cmTC_f4ea8/fast' failed
mingw32-make.exe: *** [cmTC_f4ea8/fast] Error 2


Source file was:
int x = 0; int main(int argc, char **argv) {}
Performing C SOURCE FILE Test HAVE_ALTIVEC_H_HDR failed with the following output:
Change Dir: D:/Documents/git_work/StitchesSoftRenderer/cmake-build-debug/CMakeFiles/CMakeTmp

Run Build Command(s):D:/Software/Development/TDM-GCC-64/bin/mingw32-make.exe cmTC_2d926/fast && D:/Software/Development/TDM-GCC-64/bin/mingw32-make.exe  -f CMakeFiles\cmTC_2d926.dir\build.make CMakeFiles/cmTC_2d926.dir/build
mingw32-make.exe[1]: Entering directory 'D:/Documents/git_work/StitchesSoftRenderer/cmake-build-debug/CMakeFiles/CMakeTmp'
Building C object CMakeFiles/cmTC_2d926.dir/src.c.obj
D:\Software\Development\TDM-GCC-64\bin\gcc.exe   -idirafter "D:/Documents/git_work/StitchesSoftRenderer/lib/SDL2.0.15.14858/src/video/khronos" -DHAVE_ALTIVEC_H_HDR -maltivec   -o CMakeFiles\cmTC_2d926.dir\src.c.obj   -c D:\Documents\git_work\StitchesSoftRenderer\cmake-build-debug\CMakeFiles\CMakeTmp\src.c
gcc.exe: error: unrecognized command line option '-maltivec'
CMakeFiles\cmTC_2d926.dir\build.make:84: recipe for target 'CMakeFiles/cmTC_2d926.dir/src.c.obj' failed
mingw32-make.exe[1]: *** [CMakeFiles/cmTC_2d926.dir/src.c.obj] Error 1
mingw32-make.exe[1]: Leaving directory 'D:/Documents/git_work/StitchesSoftRenderer/cmake-build-debug/CMakeFiles/CMakeTmp'
Makefile:140: recipe for target 'cmTC_2d926/fast' failed
mingw32-make.exe: *** [cmTC_2d926/fast] Error 2


Source file was:

          #include <altivec.h>
          vector unsigned int vzero() {
              return vec_splat_u32(0);
          }
          int main(int argc, char **argv) { }
Performing C SOURCE FILE Test HAVE_ALTIVEC failed with the following output:
Change Dir: D:/Documents/git_work/StitchesSoftRenderer/cmake-build-debug/CMakeFiles/CMakeTmp

Run Build Command(s):D:/Software/Development/TDM-GCC-64/bin/mingw32-make.exe cmTC_5a1ef/fast && D:/Software/Development/TDM-GCC-64/bin/mingw32-make.exe  -f CMakeFiles\cmTC_5a1ef.dir\build.make CMakeFiles/cmTC_5a1ef.dir/build
mingw32-make.exe[1]: Entering directory 'D:/Documents/git_work/StitchesSoftRenderer/cmake-build-debug/CMakeFiles/CMakeTmp'
Building C object CMakeFiles/cmTC_5a1ef.dir/src.c.obj
D:\Software\Development\TDM-GCC-64\bin\gcc.exe   -idirafter "D:/Documents/git_work/StitchesSoftRenderer/lib/SDL2.0.15.14858/src/video/khronos" -DHAVE_ALTIVEC -maltivec   -o CMakeFiles\cmTC_5a1ef.dir\src.c.obj   -c D:\Documents\git_work\StitchesSoftRenderer\cmake-build-debug\CMakeFiles\CMakeTmp\src.c
gcc.exe: error: unrecognized command line option '-maltivec'
CMakeFiles\cmTC_5a1ef.dir\build.make:84: recipe for target 'CMakeFiles/cmTC_5a1ef.dir/src.c.obj' failed
mingw32-make.exe[1]: *** [CMakeFiles/cmTC_5a1ef.dir/src.c.obj] Error 1
mingw32-make.exe[1]: Leaving directory 'D:/Documents/git_work/StitchesSoftRenderer/cmake-build-debug/CMakeFiles/CMakeTmp'
Makefile:140: recipe for target 'cmTC_5a1ef/fast' failed
mingw32-make.exe: *** [cmTC_5a1ef/fast] Error 2


Source file was:

          vector unsigned int vzero() {
              return vec_splat_u32(0);
          }
          int main(int argc, char **argv) { }
Determining if the include file iconv.h exists failed with the following output:
Change Dir: D:/Documents/git_work/StitchesSoftRenderer/cmake-build-debug/CMakeFiles/CMakeTmp

Run Build Command(s):D:/Software/Development/TDM-GCC-64/bin/mingw32-make.exe cmTC_6deb8/fast && D:/Software/Development/TDM-GCC-64/bin/mingw32-make.exe  -f CMakeFiles\cmTC_6deb8.dir\build.make CMakeFiles/cmTC_6deb8.dir/build
mingw32-make.exe[1]: Entering directory 'D:/Documents/git_work/StitchesSoftRenderer/cmake-build-debug/CMakeFiles/CMakeTmp'
Building C object CMakeFiles/cmTC_6deb8.dir/CheckIncludeFile.c.obj
D:\Software\Development\TDM-GCC-64\bin\gcc.exe   -idirafter "D:/Documents/git_work/StitchesSoftRenderer/lib/SDL2.0.15.14858/src/video/khronos"    -o CMakeFiles\cmTC_6deb8.dir\CheckIncludeFile.c.obj   -c D:\Documents\git_work\StitchesSoftRenderer\cmake-build-debug\CMakeFiles\CMakeTmp\CheckIncludeFile.c
D:\Documents\git_work\StitchesSoftRenderer\cmake-build-debug\CMakeFiles\CMakeTmp\CheckIncludeFile.c:1:10: fatal error: iconv.h: No such file or directory
    1 | #include <iconv.h>
      |          ^~~~~~~~~
compilation terminated.
CMakeFiles\cmTC_6deb8.dir\build.make:84: recipe for target 'CMakeFiles/cmTC_6deb8.dir/CheckIncludeFile.c.obj' failed
mingw32-make.exe[1]: *** [CMakeFiles/cmTC_6deb8.dir/CheckIncludeFile.c.obj] Error 1
mingw32-make.exe[1]: Leaving directory 'D:/Documents/git_work/StitchesSoftRenderer/cmake-build-debug/CMakeFiles/CMakeTmp'
Makefile:140: recipe for target 'cmTC_6deb8/fast' failed
mingw32-make.exe: *** [cmTC_6deb8/fast] Error 2



Determining if the include file libunwind.h exists failed with the following output:
Change Dir: D:/Documents/git_work/StitchesSoftRenderer/cmake-build-debug/CMakeFiles/CMakeTmp

Run Build Command(s):D:/Software/Development/TDM-GCC-64/bin/mingw32-make.exe cmTC_27935/fast && D:/Software/Development/TDM-GCC-64/bin/mingw32-make.exe  -f CMakeFiles\cmTC_27935.dir\build.make CMakeFiles/cmTC_27935.dir/build
mingw32-make.exe[1]: Entering directory 'D:/Documents/git_work/StitchesSoftRenderer/cmake-build-debug/CMakeFiles/CMakeTmp'
Building C object CMakeFiles/cmTC_27935.dir/CheckIncludeFile.c.obj
D:\Software\Development\TDM-GCC-64\bin\gcc.exe   -idirafter "D:/Documents/git_work/StitchesSoftRenderer/lib/SDL2.0.15.14858/src/video/khronos"    -o CMakeFiles\cmTC_27935.dir\CheckIncludeFile.c.obj   -c D:\Documents\git_work\StitchesSoftRenderer\cmake-build-debug\CMakeFiles\CMakeTmp\CheckIncludeFile.c
D:\Documents\git_work\StitchesSoftRenderer\cmake-build-debug\CMakeFiles\CMakeTmp\CheckIncludeFile.c:1:10: fatal error: libunwind.h: No such file or directory
    1 | #include <libunwind.h>
      |          ^~~~~~~~~~~~~
compilation terminated.
CMakeFiles\cmTC_27935.dir\build.make:84: recipe for target 'CMakeFiles/cmTC_27935.dir/CheckIncludeFile.c.obj' failed
mingw32-make.exe[1]: *** [CMakeFiles/cmTC_27935.dir/CheckIncludeFile.c.obj] Error 1
mingw32-make.exe[1]: Leaving directory 'D:/Documents/git_work/StitchesSoftRenderer/cmake-build-debug/CMakeFiles/CMakeTmp'
Makefile:140: recipe for target 'cmTC_27935/fast' failed
mingw32-make.exe: *** [cmTC_27935/fast] Error 2



Performing C SOURCE FILE Test HAVE_MPROTECT failed with the following output:
Change Dir: D:/Documents/git_work/StitchesSoftRenderer/cmake-build-debug/CMakeFiles/CMakeTmp

Run Build Command(s):D:/Software/Development/TDM-GCC-64/bin/mingw32-make.exe cmTC_b1c0b/fast && D:/Software/Development/TDM-GCC-64/bin/mingw32-make.exe  -f CMakeFiles\cmTC_b1c0b.dir\build.make CMakeFiles/cmTC_b1c0b.dir/build
mingw32-make.exe[1]: Entering directory 'D:/Documents/git_work/StitchesSoftRenderer/cmake-build-debug/CMakeFiles/CMakeTmp'
Building C object CMakeFiles/cmTC_b1c0b.dir/src.c.obj
D:\Software\Development\TDM-GCC-64\bin\gcc.exe   -idirafter "D:/Documents/git_work/StitchesSoftRenderer/lib/SDL2.0.15.14858/src/video/khronos" -DHAVE_MPROTECT   -o CMakeFiles\cmTC_b1c0b.dir\src.c.obj   -c D:\Documents\git_work\StitchesSoftRenderer\cmake-build-debug\CMakeFiles\CMakeTmp\src.c
D:\Documents\git_work\StitchesSoftRenderer\cmake-build-debug\CMakeFiles\CMakeTmp\src.c:2:39: fatal error: sys/mman.h: No such file or directory
    2 |                              #include <sys/mman.h>
      |                                       ^~~~~~~~~~~~
compilation terminated.
CMakeFiles\cmTC_b1c0b.dir\build.make:84: recipe for target 'CMakeFiles/cmTC_b1c0b.dir/src.c.obj' failed
mingw32-make.exe[1]: *** [CMakeFiles/cmTC_b1c0b.dir/src.c.obj] Error 1
mingw32-make.exe[1]: Leaving directory 'D:/Documents/git_work/StitchesSoftRenderer/cmake-build-debug/CMakeFiles/CMakeTmp'
Makefile:140: recipe for target 'cmTC_b1c0b/fast' failed
mingw32-make.exe: *** [cmTC_b1c0b/fast] Error 2


Source file was:
#include <sys/types.h>
                             #include <sys/mman.h>
                             int main() { }
Determining if the setenv exist failed with the following output:
Change Dir: D:/Documents/git_work/StitchesSoftRenderer/cmake-build-debug/CMakeFiles/CMakeTmp

Run Build Command(s):D:/Software/Development/TDM-GCC-64/bin/mingw32-make.exe cmTC_9bd94/fast && D:/Software/Development/TDM-GCC-64/bin/mingw32-make.exe  -f CMakeFiles\cmTC_9bd94.dir\build.make CMakeFiles/cmTC_9bd94.dir/build
mingw32-make.exe[1]: Entering directory 'D:/Documents/git_work/StitchesSoftRenderer/cmake-build-debug/CMakeFiles/CMakeTmp'
Building C object CMakeFiles/cmTC_9bd94.dir/CheckSymbolExists.c.obj
D:\Software\Development\TDM-GCC-64\bin\gcc.exe   -idirafter "D:/Documents/git_work/StitchesSoftRenderer/lib/SDL2.0.15.14858/src/video/khronos"    -o CMakeFiles\cmTC_9bd94.dir\CheckSymbolExists.c.obj   -c D:\Documents\git_work\StitchesSoftRenderer\cmake-build-debug\CMakeFiles\CMakeTmp\CheckSymbolExists.c
D:\Documents\git_work\StitchesSoftRenderer\cmake-build-debug\CMakeFiles\CMakeTmp\CheckSymbolExists.c: In function 'main':
D:\Documents\git_work\StitchesSoftRenderer\cmake-build-debug\CMakeFiles\CMakeTmp\CheckSymbolExists.c:14:19: error: 'setenv' undeclared (first use in this function); did you mean 'getenv'?
   14 |   return ((int*)(&setenv))[argc];
      |                   ^~~~~~
      |                   getenv
D:\Documents\git_work\StitchesSoftRenderer\cmake-build-debug\CMakeFiles\CMakeTmp\CheckSymbolExists.c:14:19: note: each undeclared identifier is reported only once for each function it appears in
CMakeFiles\cmTC_9bd94.dir\build.make:84: recipe for target 'CMakeFiles/cmTC_9bd94.dir/CheckSymbolExists.c.obj' failed
mingw32-make.exe[1]: *** [CMakeFiles/cmTC_9bd94.dir/CheckSymbolExists.c.obj] Error 1
mingw32-make.exe[1]: Leaving directory 'D:/Documents/git_work/StitchesSoftRenderer/cmake-build-debug/CMakeFiles/CMakeTmp'
Makefile:140: recipe for target 'cmTC_9bd94/fast' failed
mingw32-make.exe: *** [cmTC_9bd94/fast] Error 2


File D:/Documents/git_work/StitchesSoftRenderer/cmake-build-debug/CMakeFiles/CMakeTmp/CheckSymbolExists.c:
/* */
#include <stddef.h>
#include <stdarg.h>
#include <stdlib.h>
#include <string.h>
#include <stdio.h>
#include <wchar.h>
#include <float.h>

int main(int argc, char** argv)
{
  (void)argv;
#ifndef setenv
  return ((int*)(&setenv))[argc];
#else
  (void)argc;
  return 0;
#endif
}
Determining if the unsetenv exist failed with the following output:
Change Dir: D:/Documents/git_work/StitchesSoftRenderer/cmake-build-debug/CMakeFiles/CMakeTmp

Run Build Command(s):D:/Software/Development/TDM-GCC-64/bin/mingw32-make.exe cmTC_7103d/fast && D:/Software/Development/TDM-GCC-64/bin/mingw32-make.exe  -f CMakeFiles\cmTC_7103d.dir\build.make CMakeFiles/cmTC_7103d.dir/build
mingw32-make.exe[1]: Entering directory 'D:/Documents/git_work/StitchesSoftRenderer/cmake-build-debug/CMakeFiles/CMakeTmp'
Building C object CMakeFiles/cmTC_7103d.dir/CheckSymbolExists.c.obj
D:\Software\Development\TDM-GCC-64\bin\gcc.exe   -idirafter "D:/Documents/git_work/StitchesSoftRenderer/lib/SDL2.0.15.14858/src/video/khronos"    -o CMakeFiles\cmTC_7103d.dir\CheckSymbolExists.c.obj   -c D:\Documents\git_work\StitchesSoftRenderer\cmake-build-debug\CMakeFiles\CMakeTmp\CheckSymbolExists.c
D:\Documents\git_work\StitchesSoftRenderer\cmake-build-debug\CMakeFiles\CMakeTmp\CheckSymbolExists.c: In function 'main':
D:\Documents\git_work\StitchesSoftRenderer\cmake-build-debug\CMakeFiles\CMakeTmp\CheckSymbolExists.c:14:19: error: 'unsetenv' undeclared (first use in this function)
   14 |   return ((int*)(&unsetenv))[argc];
      |                   ^~~~~~~~
D:\Documents\git_work\StitchesSoftRenderer\cmake-build-debug\CMakeFiles\CMakeTmp\CheckSymbolExists.c:14:19: note: each undeclared identifier is reported only once for each function it appears in
CMakeFiles\cmTC_7103d.dir\build.make:84: recipe for target 'CMakeFiles/cmTC_7103d.dir/CheckSymbolExists.c.obj' failed
mingw32-make.exe[1]: *** [CMakeFiles/cmTC_7103d.dir/CheckSymbolExists.c.obj] Error 1
mingw32-make.exe[1]: Leaving directory 'D:/Documents/git_work/StitchesSoftRenderer/cmake-build-debug/CMakeFiles/CMakeTmp'
Makefile:140: recipe for target 'cmTC_7103d/fast' failed
mingw32-make.exe: *** [cmTC_7103d/fast] Error 2


File D:/Documents/git_work/StitchesSoftRenderer/cmake-build-debug/CMakeFiles/CMakeTmp/CheckSymbolExists.c:
/* */
#include <stddef.h>
#include <stdarg.h>
#include <stdlib.h>
#include <string.h>
#include <stdio.h>
#include <wchar.h>
#include <float.h>

int main(int argc, char** argv)
{
  (void)argv;
#ifndef unsetenv
  return ((int*)(&unsetenv))[argc];
#else
  (void)argc;
  return 0;
#endif
}
Determining if the bcopy exist failed with the following output:
Change Dir: D:/Documents/git_work/StitchesSoftRenderer/cmake-build-debug/CMakeFiles/CMakeTmp

Run Build Command(s):D:/Software/Development/TDM-GCC-64/bin/mingw32-make.exe cmTC_0335d/fast && D:/Software/Development/TDM-GCC-64/bin/mingw32-make.exe  -f CMakeFiles\cmTC_0335d.dir\build.make CMakeFiles/cmTC_0335d.dir/build
mingw32-make.exe[1]: Entering directory 'D:/Documents/git_work/StitchesSoftRenderer/cmake-build-debug/CMakeFiles/CMakeTmp'
Building C object CMakeFiles/cmTC_0335d.dir/CheckSymbolExists.c.obj
D:\Software\Development\TDM-GCC-64\bin\gcc.exe   -idirafter "D:/Documents/git_work/StitchesSoftRenderer/lib/SDL2.0.15.14858/src/video/khronos"    -o CMakeFiles\cmTC_0335d.dir\CheckSymbolExists.c.obj   -c D:\Documents\git_work\StitchesSoftRenderer\cmake-build-debug\CMakeFiles\CMakeTmp\CheckSymbolExists.c
D:\Documents\git_work\StitchesSoftRenderer\cmake-build-debug\CMakeFiles\CMakeTmp\CheckSymbolExists.c: In function 'main':
D:\Documents\git_work\StitchesSoftRenderer\cmake-build-debug\CMakeFiles\CMakeTmp\CheckSymbolExists.c:14:19: error: 'bcopy' undeclared (first use in this function)
   14 |   return ((int*)(&bcopy))[argc];
      |                   ^~~~~
D:\Documents\git_work\StitchesSoftRenderer\cmake-build-debug\CMakeFiles\CMakeTmp\CheckSymbolExists.c:14:19: note: each undeclared identifier is reported only once for each function it appears in
CMakeFiles\cmTC_0335d.dir\build.make:84: recipe for target 'CMakeFiles/cmTC_0335d.dir/CheckSymbolExists.c.obj' failed
mingw32-make.exe[1]: *** [CMakeFiles/cmTC_0335d.dir/CheckSymbolExists.c.obj] Error 1
mingw32-make.exe[1]: Leaving directory 'D:/Documents/git_work/StitchesSoftRenderer/cmake-build-debug/CMakeFiles/CMakeTmp'
Makefile:140: recipe for target 'cmTC_0335d/fast' failed
mingw32-make.exe: *** [cmTC_0335d/fast] Error 2


File D:/Documents/git_work/StitchesSoftRenderer/cmake-build-debug/CMakeFiles/CMakeTmp/CheckSymbolExists.c:
/* */
#include <stddef.h>
#include <stdarg.h>
#include <stdlib.h>
#include <string.h>
#include <stdio.h>
#include <wchar.h>
#include <float.h>

int main(int argc, char** argv)
{
  (void)argv;
#ifndef bcopy
  return ((int*)(&bcopy))[argc];
#else
  (void)argc;
  return 0;
#endif
}
Determining if the strlcpy exist failed with the following output:
Change Dir: D:/Documents/git_work/StitchesSoftRenderer/cmake-build-debug/CMakeFiles/CMakeTmp

Run Build Command(s):D:/Software/Development/TDM-GCC-64/bin/mingw32-make.exe cmTC_9ace1/fast && D:/Software/Development/TDM-GCC-64/bin/mingw32-make.exe  -f CMakeFiles\cmTC_9ace1.dir\build.make CMakeFiles/cmTC_9ace1.dir/build
mingw32-make.exe[1]: Entering directory 'D:/Documents/git_work/StitchesSoftRenderer/cmake-build-debug/CMakeFiles/CMakeTmp'
Building C object CMakeFiles/cmTC_9ace1.dir/CheckSymbolExists.c.obj
D:\Software\Development\TDM-GCC-64\bin\gcc.exe   -idirafter "D:/Documents/git_work/StitchesSoftRenderer/lib/SDL2.0.15.14858/src/video/khronos"    -o CMakeFiles\cmTC_9ace1.dir\CheckSymbolExists.c.obj   -c D:\Documents\git_work\StitchesSoftRenderer\cmake-build-debug\CMakeFiles\CMakeTmp\CheckSymbolExists.c
D:\Documents\git_work\StitchesSoftRenderer\cmake-build-debug\CMakeFiles\CMakeTmp\CheckSymbolExists.c: In function 'main':
D:\Documents\git_work\StitchesSoftRenderer\cmake-build-debug\CMakeFiles\CMakeTmp\CheckSymbolExists.c:14:19: error: 'strlcpy' undeclared (first use in this function); did you mean 'strncpy'?
   14 |   return ((int*)(&strlcpy))[argc];
      |                   ^~~~~~~
      |                   strncpy
D:\Documents\git_work\StitchesSoftRenderer\cmake-build-debug\CMakeFiles\CMakeTmp\CheckSymbolExists.c:14:19: note: each undeclared identifier is reported only once for each function it appears in
CMakeFiles\cmTC_9ace1.dir\build.make:84: recipe for target 'CMakeFiles/cmTC_9ace1.dir/CheckSymbolExists.c.obj' failed
mingw32-make.exe[1]: *** [CMakeFiles/cmTC_9ace1.dir/CheckSymbolExists.c.obj] Error 1
mingw32-make.exe[1]: Leaving directory 'D:/Documents/git_work/StitchesSoftRenderer/cmake-build-debug/CMakeFiles/CMakeTmp'
Makefile:140: recipe for target 'cmTC_9ace1/fast' failed
mingw32-make.exe: *** [cmTC_9ace1/fast] Error 2


File D:/Documents/git_work/StitchesSoftRenderer/cmake-build-debug/CMakeFiles/CMakeTmp/CheckSymbolExists.c:
/* */
#include <stddef.h>
#include <stdarg.h>
#include <stdlib.h>
#include <string.h>
#include <stdio.h>
#include <wchar.h>
#include <float.h>

int main(int argc, char** argv)
{
  (void)argv;
#ifndef strlcpy
  return ((int*)(&strlcpy))[argc];
#else
  (void)argc;
  return 0;
#endif
}
Determining if the strlcat exist failed with the following output:
Change Dir: D:/Documents/git_work/StitchesSoftRenderer/cmake-build-debug/CMakeFiles/CMakeTmp

Run Build Command(s):D:/Software/Development/TDM-GCC-64/bin/mingw32-make.exe cmTC_dd577/fast && D:/Software/Development/TDM-GCC-64/bin/mingw32-make.exe  -f CMakeFiles\cmTC_dd577.dir\build.make CMakeFiles/cmTC_dd577.dir/build
mingw32-make.exe[1]: Entering directory 'D:/Documents/git_work/StitchesSoftRenderer/cmake-build-debug/CMakeFiles/CMakeTmp'
Building C object CMakeFiles/cmTC_dd577.dir/CheckSymbolExists.c.obj
D:\Software\Development\TDM-GCC-64\bin\gcc.exe   -idirafter "D:/Documents/git_work/StitchesSoftRenderer/lib/SDL2.0.15.14858/src/video/khronos"    -o CMakeFiles\cmTC_dd577.dir\CheckSymbolExists.c.obj   -c D:\Documents\git_work\StitchesSoftRenderer\cmake-build-debug\CMakeFiles\CMakeTmp\CheckSymbolExists.c
D:\Documents\git_work\StitchesSoftRenderer\cmake-build-debug\CMakeFiles\CMakeTmp\CheckSymbolExists.c: In function 'main':
D:\Documents\git_work\StitchesSoftRenderer\cmake-build-debug\CMakeFiles\CMakeTmp\CheckSymbolExists.c:14:19: error: 'strlcat' undeclared (first use in this function); did you mean 'strncat'?
   14 |   return ((int*)(&strlcat))[argc];
      |                   ^~~~~~~
      |                   strncat
D:\Documents\git_work\StitchesSoftRenderer\cmake-build-debug\CMakeFiles\CMakeTmp\CheckSymbolExists.c:14:19: note: each undeclared identifier is reported only once for each function it appears in
CMakeFiles\cmTC_dd577.dir\build.make:84: recipe for target 'CMakeFiles/cmTC_dd577.dir/CheckSymbolExists.c.obj' failed
mingw32-make.exe[1]: *** [CMakeFiles/cmTC_dd577.dir/CheckSymbolExists.c.obj] Error 1
mingw32-make.exe[1]: Leaving directory 'D:/Documents/git_work/StitchesSoftRenderer/cmake-build-debug/CMakeFiles/CMakeTmp'
Makefile:140: recipe for target 'cmTC_dd577/fast' failed
mingw32-make.exe: *** [cmTC_dd577/fast] Error 2


File D:/Documents/git_work/StitchesSoftRenderer/cmake-build-debug/CMakeFiles/CMakeTmp/CheckSymbolExists.c:
/* */
#include <stddef.h>
#include <stdarg.h>
#include <stdlib.h>
#include <string.h>
#include <stdio.h>
#include <wchar.h>
#include <float.h>

int main(int argc, char** argv)
{
  (void)argv;
#ifndef strlcat
  return ((int*)(&strlcat))[argc];
#else
  (void)argc;
  return 0;
#endif
}
Determining if the _uitoa exist failed with the following output:
Change Dir: D:/Documents/git_work/StitchesSoftRenderer/cmake-build-debug/CMakeFiles/CMakeTmp

Run Build Command(s):D:/Software/Development/TDM-GCC-64/bin/mingw32-make.exe cmTC_5c808/fast && D:/Software/Development/TDM-GCC-64/bin/mingw32-make.exe  -f CMakeFiles\cmTC_5c808.dir\build.make CMakeFiles/cmTC_5c808.dir/build
mingw32-make.exe[1]: Entering directory 'D:/Documents/git_work/StitchesSoftRenderer/cmake-build-debug/CMakeFiles/CMakeTmp'
Building C object CMakeFiles/cmTC_5c808.dir/CheckSymbolExists.c.obj
D:\Software\Development\TDM-GCC-64\bin\gcc.exe   -idirafter "D:/Documents/git_work/StitchesSoftRenderer/lib/SDL2.0.15.14858/src/video/khronos"    -o CMakeFiles\cmTC_5c808.dir\CheckSymbolExists.c.obj   -c D:\Documents\git_work\StitchesSoftRenderer\cmake-build-debug\CMakeFiles\CMakeTmp\CheckSymbolExists.c
D:\Documents\git_work\StitchesSoftRenderer\cmake-build-debug\CMakeFiles\CMakeTmp\CheckSymbolExists.c: In function 'main':
D:\Documents\git_work\StitchesSoftRenderer\cmake-build-debug\CMakeFiles\CMakeTmp\CheckSymbolExists.c:14:19: error: '_uitoa' undeclared (first use in this function); did you mean '_ultoa'?
   14 |   return ((int*)(&_uitoa))[argc];
      |                   ^~~~~~
      |                   _ultoa
D:\Documents\git_work\StitchesSoftRenderer\cmake-build-debug\CMakeFiles\CMakeTmp\CheckSymbolExists.c:14:19: note: each undeclared identifier is reported only once for each function it appears in
CMakeFiles\cmTC_5c808.dir\build.make:84: recipe for target 'CMakeFiles/cmTC_5c808.dir/CheckSymbolExists.c.obj' failed
mingw32-make.exe[1]: *** [CMakeFiles/cmTC_5c808.dir/CheckSymbolExists.c.obj] Error 1
mingw32-make.exe[1]: Leaving directory 'D:/Documents/git_work/StitchesSoftRenderer/cmake-build-debug/CMakeFiles/CMakeTmp'
Makefile:140: recipe for target 'cmTC_5c808/fast' failed
mingw32-make.exe: *** [cmTC_5c808/fast] Error 2


File D:/Documents/git_work/StitchesSoftRenderer/cmake-build-debug/CMakeFiles/CMakeTmp/CheckSymbolExists.c:
/* */
#include <stddef.h>
#include <stdarg.h>
#include <stdlib.h>
#include <string.h>
#include <stdio.h>
#include <wchar.h>
#include <float.h>

int main(int argc, char** argv)
{
  (void)argv;
#ifndef _uitoa
  return ((int*)(&_uitoa))[argc];
#else
  (void)argc;
  return 0;
#endif
}
Determining if the wcslcat exist failed with the following output:
Change Dir: D:/Documents/git_work/StitchesSoftRenderer/cmake-build-debug/CMakeFiles/CMakeTmp

Run Build Command(s):D:/Software/Development/TDM-GCC-64/bin/mingw32-make.exe cmTC_a570a/fast && D:/Software/Development/TDM-GCC-64/bin/mingw32-make.exe  -f CMakeFiles\cmTC_a570a.dir\build.make CMakeFiles/cmTC_a570a.dir/build
mingw32-make.exe[1]: Entering directory 'D:/Documents/git_work/StitchesSoftRenderer/cmake-build-debug/CMakeFiles/CMakeTmp'
Building C object CMakeFiles/cmTC_a570a.dir/CheckSymbolExists.c.obj
D:\Software\Development\TDM-GCC-64\bin\gcc.exe   -idirafter "D:/Documents/git_work/StitchesSoftRenderer/lib/SDL2.0.15.14858/src/video/khronos"    -o CMakeFiles\cmTC_a570a.dir\CheckSymbolExists.c.obj   -c D:\Documents\git_work\StitchesSoftRenderer\cmake-build-debug\CMakeFiles\CMakeTmp\CheckSymbolExists.c
D:\Documents\git_work\StitchesSoftRenderer\cmake-build-debug\CMakeFiles\CMakeTmp\CheckSymbolExists.c: In function 'main':
D:\Documents\git_work\StitchesSoftRenderer\cmake-build-debug\CMakeFiles\CMakeTmp\CheckSymbolExists.c:14:19: error: 'wcslcat' undeclared (first use in this function); did you mean 'wcsncat'?
   14 |   return ((int*)(&wcslcat))[argc];
      |                   ^~~~~~~
      |                   wcsncat
D:\Documents\git_work\StitchesSoftRenderer\cmake-build-debug\CMakeFiles\CMakeTmp\CheckSymbolExists.c:14:19: note: each undeclared identifier is reported only once for each function it appears in
CMakeFiles\cmTC_a570a.dir\build.make:84: recipe for target 'CMakeFiles/cmTC_a570a.dir/CheckSymbolExists.c.obj' failed
mingw32-make.exe[1]: *** [CMakeFiles/cmTC_a570a.dir/CheckSymbolExists.c.obj] Error 1
mingw32-make.exe[1]: Leaving directory 'D:/Documents/git_work/StitchesSoftRenderer/cmake-build-debug/CMakeFiles/CMakeTmp'
Makefile:140: recipe for target 'cmTC_a570a/fast' failed
mingw32-make.exe: *** [cmTC_a570a/fast] Error 2


File D:/Documents/git_work/StitchesSoftRenderer/cmake-build-debug/CMakeFiles/CMakeTmp/CheckSymbolExists.c:
/* */
#include <stddef.h>
#include <stdarg.h>
#include <stdlib.h>
#include <string.h>
#include <stdio.h>
#include <wchar.h>
#include <float.h>

int main(int argc, char** argv)
{
  (void)argv;
#ifndef wcslcat
  return ((int*)(&wcslcat))[argc];
#else
  (void)argc;
  return 0;
#endif
}
Determining if the wcslcpy exist failed with the following output:
Change Dir: D:/Documents/git_work/StitchesSoftRenderer/cmake-build-debug/CMakeFiles/CMakeTmp

Run Build Command(s):D:/Software/Development/TDM-GCC-64/bin/mingw32-make.exe cmTC_45cda/fast && D:/Software/Development/TDM-GCC-64/bin/mingw32-make.exe  -f CMakeFiles\cmTC_45cda.dir\build.make CMakeFiles/cmTC_45cda.dir/build
mingw32-make.exe[1]: Entering directory 'D:/Documents/git_work/StitchesSoftRenderer/cmake-build-debug/CMakeFiles/CMakeTmp'
Building C object CMakeFiles/cmTC_45cda.dir/CheckSymbolExists.c.obj
D:\Software\Development\TDM-GCC-64\bin\gcc.exe   -idirafter "D:/Documents/git_work/StitchesSoftRenderer/lib/SDL2.0.15.14858/src/video/khronos"    -o CMakeFiles\cmTC_45cda.dir\CheckSymbolExists.c.obj   -c D:\Documents\git_work\StitchesSoftRenderer\cmake-build-debug\CMakeFiles\CMakeTmp\CheckSymbolExists.c
D:\Documents\git_work\StitchesSoftRenderer\cmake-build-debug\CMakeFiles\CMakeTmp\CheckSymbolExists.c: In function 'main':
D:\Documents\git_work\StitchesSoftRenderer\cmake-build-debug\CMakeFiles\CMakeTmp\CheckSymbolExists.c:14:19: error: 'wcslcpy' undeclared (first use in this function); did you mean 'wcsncpy'?
   14 |   return ((int*)(&wcslcpy))[argc];
      |                   ^~~~~~~
      |                   wcsncpy
D:\Documents\git_work\StitchesSoftRenderer\cmake-build-debug\CMakeFiles\CMakeTmp\CheckSymbolExists.c:14:19: note: each undeclared identifier is reported only once for each function it appears in
CMakeFiles\cmTC_45cda.dir\build.make:84: recipe for target 'CMakeFiles/cmTC_45cda.dir/CheckSymbolExists.c.obj' failed
mingw32-make.exe[1]: *** [CMakeFiles/cmTC_45cda.dir/CheckSymbolExists.c.obj] Error 1
mingw32-make.exe[1]: Leaving directory 'D:/Documents/git_work/StitchesSoftRenderer/cmake-build-debug/CMakeFiles/CMakeTmp'
Makefile:140: recipe for target 'cmTC_45cda/fast' failed
mingw32-make.exe: *** [cmTC_45cda/fast] Error 2


File D:/Documents/git_work/StitchesSoftRenderer/cmake-build-debug/CMakeFiles/CMakeTmp/CheckSymbolExists.c:
/* */
#include <stddef.h>
#include <stdarg.h>
#include <stdlib.h>
#include <string.h>
#include <stdio.h>
#include <wchar.h>
#include <float.h>

int main(int argc, char** argv)
{
  (void)argv;
#ifndef wcslcpy
  return ((int*)(&wcslcpy))[argc];
#else
  (void)argc;
  return 0;
#endif
}
Determining if the wcscasecmp exist failed with the following output:
Change Dir: D:/Documents/git_work/StitchesSoftRenderer/cmake-build-debug/CMakeFiles/CMakeTmp

Run Build Command(s):D:/Software/Development/TDM-GCC-64/bin/mingw32-make.exe cmTC_ba20c/fast && D:/Software/Development/TDM-GCC-64/bin/mingw32-make.exe  -f CMakeFiles\cmTC_ba20c.dir\build.make CMakeFiles/cmTC_ba20c.dir/build
mingw32-make.exe[1]: Entering directory 'D:/Documents/git_work/StitchesSoftRenderer/cmake-build-debug/CMakeFiles/CMakeTmp'
Building C object CMakeFiles/cmTC_ba20c.dir/CheckSymbolExists.c.obj
D:\Software\Development\TDM-GCC-64\bin\gcc.exe   -idirafter "D:/Documents/git_work/StitchesSoftRenderer/lib/SDL2.0.15.14858/src/video/khronos"    -o CMakeFiles\cmTC_ba20c.dir\CheckSymbolExists.c.obj   -c D:\Documents\git_work\StitchesSoftRenderer\cmake-build-debug\CMakeFiles\CMakeTmp\CheckSymbolExists.c
D:\Documents\git_work\StitchesSoftRenderer\cmake-build-debug\CMakeFiles\CMakeTmp\CheckSymbolExists.c: In function 'main':
D:\Documents\git_work\StitchesSoftRenderer\cmake-build-debug\CMakeFiles\CMakeTmp\CheckSymbolExists.c:14:19: error: 'wcscasecmp' undeclared (first use in this function); did you mean 'strcasecmp'?
   14 |   return ((int*)(&wcscasecmp))[argc];
      |                   ^~~~~~~~~~
      |                   strcasecmp
D:\Documents\git_work\StitchesSoftRenderer\cmake-build-debug\CMakeFiles\CMakeTmp\CheckSymbolExists.c:14:19: note: each undeclared identifier is reported only once for each function it appears in
CMakeFiles\cmTC_ba20c.dir\build.make:84: recipe for target 'CMakeFiles/cmTC_ba20c.dir/CheckSymbolExists.c.obj' failed
mingw32-make.exe[1]: *** [CMakeFiles/cmTC_ba20c.dir/CheckSymbolExists.c.obj] Error 1
mingw32-make.exe[1]: Leaving directory 'D:/Documents/git_work/StitchesSoftRenderer/cmake-build-debug/CMakeFiles/CMakeTmp'
Makefile:140: recipe for target 'cmTC_ba20c/fast' failed
mingw32-make.exe: *** [cmTC_ba20c/fast] Error 2


File D:/Documents/git_work/StitchesSoftRenderer/cmake-build-debug/CMakeFiles/CMakeTmp/CheckSymbolExists.c:
/* */
#include <stddef.h>
#include <stdarg.h>
#include <stdlib.h>
#include <string.h>
#include <stdio.h>
#include <wchar.h>
#include <float.h>

int main(int argc, char** argv)
{
  (void)argv;
#ifndef wcscasecmp
  return ((int*)(&wcscasecmp))[argc];
#else
  (void)argc;
  return 0;
#endif
}
Determining if the wcsncasecmp exist failed with the following output:
Change Dir: D:/Documents/git_work/StitchesSoftRenderer/cmake-build-debug/CMakeFiles/CMakeTmp

Run Build Command(s):D:/Software/Development/TDM-GCC-64/bin/mingw32-make.exe cmTC_b21d4/fast && D:/Software/Development/TDM-GCC-64/bin/mingw32-make.exe  -f CMakeFiles\cmTC_b21d4.dir\build.make CMakeFiles/cmTC_b21d4.dir/build
mingw32-make.exe[1]: Entering directory 'D:/Documents/git_work/StitchesSoftRenderer/cmake-build-debug/CMakeFiles/CMakeTmp'
Building C object CMakeFiles/cmTC_b21d4.dir/CheckSymbolExists.c.obj
D:\Software\Development\TDM-GCC-64\bin\gcc.exe   -idirafter "D:/Documents/git_work/StitchesSoftRenderer/lib/SDL2.0.15.14858/src/video/khronos"    -o CMakeFiles\cmTC_b21d4.dir\CheckSymbolExists.c.obj   -c D:\Documents\git_work\StitchesSoftRenderer\cmake-build-debug\CMakeFiles\CMakeTmp\CheckSymbolExists.c
D:\Documents\git_work\StitchesSoftRenderer\cmake-build-debug\CMakeFiles\CMakeTmp\CheckSymbolExists.c: In function 'main':
D:\Documents\git_work\StitchesSoftRenderer\cmake-build-debug\CMakeFiles\CMakeTmp\CheckSymbolExists.c:14:19: error: 'wcsncasecmp' undeclared (first use in this function); did you mean 'strncasecmp'?
   14 |   return ((int*)(&wcsncasecmp))[argc];
      |                   ^~~~~~~~~~~
      |                   strncasecmp
D:\Documents\git_work\StitchesSoftRenderer\cmake-build-debug\CMakeFiles\CMakeTmp\CheckSymbolExists.c:14:19: note: each undeclared identifier is reported only once for each function it appears in
CMakeFiles\cmTC_b21d4.dir\build.make:84: recipe for target 'CMakeFiles/cmTC_b21d4.dir/CheckSymbolExists.c.obj' failed
mingw32-make.exe[1]: *** [CMakeFiles/cmTC_b21d4.dir/CheckSymbolExists.c.obj] Error 1
mingw32-make.exe[1]: Leaving directory 'D:/Documents/git_work/StitchesSoftRenderer/cmake-build-debug/CMakeFiles/CMakeTmp'
Makefile:140: recipe for target 'cmTC_b21d4/fast' failed
mingw32-make.exe: *** [cmTC_b21d4/fast] Error 2


File D:/Documents/git_work/StitchesSoftRenderer/cmake-build-debug/CMakeFiles/CMakeTmp/CheckSymbolExists.c:
/* */
#include <stddef.h>
#include <stdarg.h>
#include <stdlib.h>
#include <string.h>
#include <stdio.h>
#include <wchar.h>
#include <float.h>

int main(int argc, char** argv)
{
  (void)argv;
#ifndef wcsncasecmp
  return ((int*)(&wcsncasecmp))[argc];
#else
  (void)argc;
  return 0;
#endif
}
Determining if the sigaction exist failed with the following output:
Change Dir: D:/Documents/git_work/StitchesSoftRenderer/cmake-build-debug/CMakeFiles/CMakeTmp

Run Build Command(s):D:/Software/Development/TDM-GCC-64/bin/mingw32-make.exe cmTC_a8cc4/fast && D:/Software/Development/TDM-GCC-64/bin/mingw32-make.exe  -f CMakeFiles\cmTC_a8cc4.dir\build.make CMakeFiles/cmTC_a8cc4.dir/build
mingw32-make.exe[1]: Entering directory 'D:/Documents/git_work/StitchesSoftRenderer/cmake-build-debug/CMakeFiles/CMakeTmp'
Building C object CMakeFiles/cmTC_a8cc4.dir/CheckSymbolExists.c.obj
D:\Software\Development\TDM-GCC-64\bin\gcc.exe   -idirafter "D:/Documents/git_work/StitchesSoftRenderer/lib/SDL2.0.15.14858/src/video/khronos"    -o CMakeFiles\cmTC_a8cc4.dir\CheckSymbolExists.c.obj   -c D:\Documents\git_work\StitchesSoftRenderer\cmake-build-debug\CMakeFiles\CMakeTmp\CheckSymbolExists.c
D:\Documents\git_work\StitchesSoftRenderer\cmake-build-debug\CMakeFiles\CMakeTmp\CheckSymbolExists.c: In function 'main':
D:\Documents\git_work\StitchesSoftRenderer\cmake-build-debug\CMakeFiles\CMakeTmp\CheckSymbolExists.c:8:19: error: 'sigaction' undeclared (first use in this function)
    8 |   return ((int*)(&sigaction))[argc];
      |                   ^~~~~~~~~
D:\Documents\git_work\StitchesSoftRenderer\cmake-build-debug\CMakeFiles\CMakeTmp\CheckSymbolExists.c:8:19: note: each undeclared identifier is reported only once for each function it appears in
CMakeFiles\cmTC_a8cc4.dir\build.make:84: recipe for target 'CMakeFiles/cmTC_a8cc4.dir/CheckSymbolExists.c.obj' failed
mingw32-make.exe[1]: *** [CMakeFiles/cmTC_a8cc4.dir/CheckSymbolExists.c.obj] Error 1
mingw32-make.exe[1]: Leaving directory 'D:/Documents/git_work/StitchesSoftRenderer/cmake-build-debug/CMakeFiles/CMakeTmp'
Makefile:140: recipe for target 'cmTC_a8cc4/fast' failed
mingw32-make.exe: *** [cmTC_a8cc4/fast] Error 2


File D:/Documents/git_work/StitchesSoftRenderer/cmake-build-debug/CMakeFiles/CMakeTmp/CheckSymbolExists.c:
/* */
#include <signal.h>

int main(int argc, char** argv)
{
  (void)argv;
#ifndef sigaction
  return ((int*)(&sigaction))[argc];
#else
  (void)argc;
  return 0;
#endif
}
Determining if the sysconf exist failed with the following output:
Change Dir: D:/Documents/git_work/StitchesSoftRenderer/cmake-build-debug/CMakeFiles/CMakeTmp

Run Build Command(s):D:/Software/Development/TDM-GCC-64/bin/mingw32-make.exe cmTC_d85de/fast && D:/Software/Development/TDM-GCC-64/bin/mingw32-make.exe  -f CMakeFiles\cmTC_d85de.dir\build.make CMakeFiles/cmTC_d85de.dir/build
mingw32-make.exe[1]: Entering directory 'D:/Documents/git_work/StitchesSoftRenderer/cmake-build-debug/CMakeFiles/CMakeTmp'
Building C object CMakeFiles/cmTC_d85de.dir/CheckSymbolExists.c.obj
D:\Software\Development\TDM-GCC-64\bin\gcc.exe   -idirafter "D:/Documents/git_work/StitchesSoftRenderer/lib/SDL2.0.15.14858/src/video/khronos"    -o CMakeFiles\cmTC_d85de.dir\CheckSymbolExists.c.obj   -c D:\Documents\git_work\StitchesSoftRenderer\cmake-build-debug\CMakeFiles\CMakeTmp\CheckSymbolExists.c
D:\Documents\git_work\StitchesSoftRenderer\cmake-build-debug\CMakeFiles\CMakeTmp\CheckSymbolExists.c: In function 'main':
D:\Documents\git_work\StitchesSoftRenderer\cmake-build-debug\CMakeFiles\CMakeTmp\CheckSymbolExists.c:8:19: error: 'sysconf' undeclared (first use in this function)
    8 |   return ((int*)(&sysconf))[argc];
      |                   ^~~~~~~
D:\Documents\git_work\StitchesSoftRenderer\cmake-build-debug\CMakeFiles\CMakeTmp\CheckSymbolExists.c:8:19: note: each undeclared identifier is reported only once for each function it appears in
CMakeFiles\cmTC_d85de.dir\build.make:84: recipe for target 'CMakeFiles/cmTC_d85de.dir/CheckSymbolExists.c.obj' failed
mingw32-make.exe[1]: *** [CMakeFiles/cmTC_d85de.dir/CheckSymbolExists.c.obj] Error 1
mingw32-make.exe[1]: Leaving directory 'D:/Documents/git_work/StitchesSoftRenderer/cmake-build-debug/CMakeFiles/CMakeTmp'
Makefile:140: recipe for target 'cmTC_d85de/fast' failed
mingw32-make.exe: *** [cmTC_d85de/fast] Error 2


File D:/Documents/git_work/StitchesSoftRenderer/cmake-build-debug/CMakeFiles/CMakeTmp/CheckSymbolExists.c:
/* */
#include <unistd.h>

int main(int argc, char** argv)
{
  (void)argv;
#ifndef sysconf
  return ((int*)(&sysconf))[argc];
#else
  (void)argc;
  return 0;
#endif
}
Determining if the sysctlbyname exist failed with the following output:
Change Dir: D:/Documents/git_work/StitchesSoftRenderer/cmake-build-debug/CMakeFiles/CMakeTmp

Run Build Command(s):D:/Software/Development/TDM-GCC-64/bin/mingw32-make.exe cmTC_c7da1/fast && D:/Software/Development/TDM-GCC-64/bin/mingw32-make.exe  -f CMakeFiles\cmTC_c7da1.dir\build.make CMakeFiles/cmTC_c7da1.dir/build
mingw32-make.exe[1]: Entering directory 'D:/Documents/git_work/StitchesSoftRenderer/cmake-build-debug/CMakeFiles/CMakeTmp'
Building C object CMakeFiles/cmTC_c7da1.dir/CheckSymbolExists.c.obj
D:\Software\Development\TDM-GCC-64\bin\gcc.exe   -idirafter "D:/Documents/git_work/StitchesSoftRenderer/lib/SDL2.0.15.14858/src/video/khronos"    -o CMakeFiles\cmTC_c7da1.dir\CheckSymbolExists.c.obj   -c D:\Documents\git_work\StitchesSoftRenderer\cmake-build-debug\CMakeFiles\CMakeTmp\CheckSymbolExists.c
D:\Documents\git_work\StitchesSoftRenderer\cmake-build-debug\CMakeFiles\CMakeTmp\CheckSymbolExists.c:3:10: fatal error: sys/sysctl.h: No such file or directory
    3 | #include <sys/sysctl.h>
      |          ^~~~~~~~~~~~~~
compilation terminated.
CMakeFiles\cmTC_c7da1.dir\build.make:84: recipe for target 'CMakeFiles/cmTC_c7da1.dir/CheckSymbolExists.c.obj' failed
mingw32-make.exe[1]: *** [CMakeFiles/cmTC_c7da1.dir/CheckSymbolExists.c.obj] Error 1
mingw32-make.exe[1]: Leaving directory 'D:/Documents/git_work/StitchesSoftRenderer/cmake-build-debug/CMakeFiles/CMakeTmp'
Makefile:140: recipe for target 'cmTC_c7da1/fast' failed
mingw32-make.exe: *** [cmTC_c7da1/fast] Error 2


File D:/Documents/git_work/StitchesSoftRenderer/cmake-build-debug/CMakeFiles/CMakeTmp/CheckSymbolExists.c:
/* */
#include <sys/types.h>
#include <sys/sysctl.h>

int main(int argc, char** argv)
{
  (void)argv;
#ifndef sysctlbyname
  return ((int*)(&sysctlbyname))[argc];
#else
  (void)argc;
  return 0;
#endif
}
Determining if the getauxval exist failed with the following output:
Change Dir: D:/Documents/git_work/StitchesSoftRenderer/cmake-build-debug/CMakeFiles/CMakeTmp

Run Build Command(s):D:/Software/Development/TDM-GCC-64/bin/mingw32-make.exe cmTC_18e1f/fast && D:/Software/Development/TDM-GCC-64/bin/mingw32-make.exe  -f CMakeFiles\cmTC_18e1f.dir\build.make CMakeFiles/cmTC_18e1f.dir/build
mingw32-make.exe[1]: Entering directory 'D:/Documents/git_work/StitchesSoftRenderer/cmake-build-debug/CMakeFiles/CMakeTmp'
Building C object CMakeFiles/cmTC_18e1f.dir/CheckSymbolExists.c.obj
D:\Software\Development\TDM-GCC-64\bin\gcc.exe   -idirafter "D:/Documents/git_work/StitchesSoftRenderer/lib/SDL2.0.15.14858/src/video/khronos"    -o CMakeFiles\cmTC_18e1f.dir\CheckSymbolExists.c.obj   -c D:\Documents\git_work\StitchesSoftRenderer\cmake-build-debug\CMakeFiles\CMakeTmp\CheckSymbolExists.c
D:\Documents\git_work\StitchesSoftRenderer\cmake-build-debug\CMakeFiles\CMakeTmp\CheckSymbolExists.c:2:10: fatal error: sys/auxv.h: No such file or directory
    2 | #include <sys/auxv.h>
      |          ^~~~~~~~~~~~
compilation terminated.
CMakeFiles\cmTC_18e1f.dir\build.make:84: recipe for target 'CMakeFiles/cmTC_18e1f.dir/CheckSymbolExists.c.obj' failed
mingw32-make.exe[1]: *** [CMakeFiles/cmTC_18e1f.dir/CheckSymbolExists.c.obj] Error 1
mingw32-make.exe[1]: Leaving directory 'D:/Documents/git_work/StitchesSoftRenderer/cmake-build-debug/CMakeFiles/CMakeTmp'
Makefile:140: recipe for target 'cmTC_18e1f/fast' failed
mingw32-make.exe: *** [cmTC_18e1f/fast] Error 2


File D:/Documents/git_work/StitchesSoftRenderer/cmake-build-debug/CMakeFiles/CMakeTmp/CheckSymbolExists.c:
/* */
#include <sys/auxv.h>

int main(int argc, char** argv)
{
  (void)argv;
#ifndef getauxval
  return ((int*)(&getauxval))[argc];
#else
  (void)argc;
  return 0;
#endif
}
Determining if the elf_aux_info exist failed with the following output:
Change Dir: D:/Documents/git_work/StitchesSoftRenderer/cmake-build-debug/CMakeFiles/CMakeTmp

Run Build Command(s):D:/Software/Development/TDM-GCC-64/bin/mingw32-make.exe cmTC_726b7/fast && D:/Software/Development/TDM-GCC-64/bin/mingw32-make.exe  -f CMakeFiles\cmTC_726b7.dir\build.make CMakeFiles/cmTC_726b7.dir/build
mingw32-make.exe[1]: Entering directory 'D:/Documents/git_work/StitchesSoftRenderer/cmake-build-debug/CMakeFiles/CMakeTmp'
Building C object CMakeFiles/cmTC_726b7.dir/CheckSymbolExists.c.obj
D:\Software\Development\TDM-GCC-64\bin\gcc.exe   -idirafter "D:/Documents/git_work/StitchesSoftRenderer/lib/SDL2.0.15.14858/src/video/khronos"    -o CMakeFiles\cmTC_726b7.dir\CheckSymbolExists.c.obj   -c D:\Documents\git_work\StitchesSoftRenderer\cmake-build-debug\CMakeFiles\CMakeTmp\CheckSymbolExists.c
D:\Documents\git_work\StitchesSoftRenderer\cmake-build-debug\CMakeFiles\CMakeTmp\CheckSymbolExists.c:2:10: fatal error: sys/auxv.h: No such file or directory
    2 | #include <sys/auxv.h>
      |          ^~~~~~~~~~~~
compilation terminated.
CMakeFiles\cmTC_726b7.dir\build.make:84: recipe for target 'CMakeFiles/cmTC_726b7.dir/CheckSymbolExists.c.obj' failed
mingw32-make.exe[1]: *** [CMakeFiles/cmTC_726b7.dir/CheckSymbolExists.c.obj] Error 1
mingw32-make.exe[1]: Leaving directory 'D:/Documents/git_work/StitchesSoftRenderer/cmake-build-debug/CMakeFiles/CMakeTmp'
Makefile:140: recipe for target 'cmTC_726b7/fast' failed
mingw32-make.exe: *** [cmTC_726b7/fast] Error 2


File D:/Documents/git_work/StitchesSoftRenderer/cmake-build-debug/CMakeFiles/CMakeTmp/CheckSymbolExists.c:
/* */
#include <sys/auxv.h>

int main(int argc, char** argv)
{
  (void)argv;
#ifndef elf_aux_info
  return ((int*)(&elf_aux_info))[argc];
#else
  (void)argc;
  return 0;
#endif
}
Determining if the poll exist failed with the following output:
Change Dir: D:/Documents/git_work/StitchesSoftRenderer/cmake-build-debug/CMakeFiles/CMakeTmp

Run Build Command(s):D:/Software/Development/TDM-GCC-64/bin/mingw32-make.exe cmTC_e936e/fast && D:/Software/Development/TDM-GCC-64/bin/mingw32-make.exe  -f CMakeFiles\cmTC_e936e.dir\build.make CMakeFiles/cmTC_e936e.dir/build
mingw32-make.exe[1]: Entering directory 'D:/Documents/git_work/StitchesSoftRenderer/cmake-build-debug/CMakeFiles/CMakeTmp'
Building C object CMakeFiles/cmTC_e936e.dir/CheckSymbolExists.c.obj
D:\Software\Development\TDM-GCC-64\bin\gcc.exe   -idirafter "D:/Documents/git_work/StitchesSoftRenderer/lib/SDL2.0.15.14858/src/video/khronos"    -o CMakeFiles\cmTC_e936e.dir\CheckSymbolExists.c.obj   -c D:\Documents\git_work\StitchesSoftRenderer\cmake-build-debug\CMakeFiles\CMakeTmp\CheckSymbolExists.c
D:\Documents\git_work\StitchesSoftRenderer\cmake-build-debug\CMakeFiles\CMakeTmp\CheckSymbolExists.c:2:10: fatal error: poll.h: No such file or directory
    2 | #include <poll.h>
      |          ^~~~~~~~
compilation terminated.
CMakeFiles\cmTC_e936e.dir\build.make:84: recipe for target 'CMakeFiles/cmTC_e936e.dir/CheckSymbolExists.c.obj' failed
mingw32-make.exe[1]: *** [CMakeFiles/cmTC_e936e.dir/CheckSymbolExists.c.obj] Error 1
mingw32-make.exe[1]: Leaving directory 'D:/Documents/git_work/StitchesSoftRenderer/cmake-build-debug/CMakeFiles/CMakeTmp'
Makefile:140: recipe for target 'cmTC_e936e/fast' failed
mingw32-make.exe: *** [cmTC_e936e/fast] Error 2


File D:/Documents/git_work/StitchesSoftRenderer/cmake-build-debug/CMakeFiles/CMakeTmp/CheckSymbolExists.c:
/* */
#include <poll.h>

int main(int argc, char** argv)
{
  (void)argv;
#ifndef poll
  return ((int*)(&poll))[argc];
#else
  (void)argc;
  return 0;
#endif
}
Determining if the function iconv_open exists in the iconv failed with the following output:
Change Dir: D:/Documents/git_work/StitchesSoftRenderer/cmake-build-debug/CMakeFiles/CMakeTmp

Run Build Command(s):D:/Software/Development/TDM-GCC-64/bin/mingw32-make.exe cmTC_5d8f0/fast && D:/Software/Development/TDM-GCC-64/bin/mingw32-make.exe  -f CMakeFiles\cmTC_5d8f0.dir\build.make CMakeFiles/cmTC_5d8f0.dir/build
mingw32-make.exe[1]: Entering directory 'D:/Documents/git_work/StitchesSoftRenderer/cmake-build-debug/CMakeFiles/CMakeTmp'
Building C object CMakeFiles/cmTC_5d8f0.dir/CheckFunctionExists.c.obj
D:\Software\Development\TDM-GCC-64\bin\gcc.exe   -idirafter "D:/Documents/git_work/StitchesSoftRenderer/lib/SDL2.0.15.14858/src/video/khronos" -DCHECK_FUNCTION_EXISTS=iconv_open   -o CMakeFiles\cmTC_5d8f0.dir\CheckFunctionExists.c.obj   -c "D:\Software\Development\CLion 2020.3.2\bin\cmake\win\share\cmake-3.17\Modules\CheckFunctionExists.c"
Linking C executable cmTC_5d8f0.exe
"D:\Software\Development\CLion 2020.3.2\bin\cmake\win\bin\cmake.exe" -E cmake_link_script CMakeFiles\cmTC_5d8f0.dir\link.txt --verbose=1
"D:\Software\Development\CLion 2020.3.2\bin\cmake\win\bin\cmake.exe" -E rm -f CMakeFiles\cmTC_5d8f0.dir/objects.a
D:\Software\Development\TDM-GCC-64\bin\ar.exe cr CMakeFiles\cmTC_5d8f0.dir/objects.a @CMakeFiles\cmTC_5d8f0.dir\objects1.rsp
D:\Software\Development\TDM-GCC-64\bin\gcc.exe  -idirafter "D:/Documents/git_work/StitchesSoftRenderer/lib/SDL2.0.15.14858/src/video/khronos" -DCHECK_FUNCTION_EXISTS=iconv_open    -Wl,--whole-archive CMakeFiles\cmTC_5d8f0.dir/objects.a -Wl,--no-whole-archive  -o cmTC_5d8f0.exe -Wl,--out-implib,libcmTC_5d8f0.dll.a -Wl,--major-image-version,0,--minor-image-version,0 @CMakeFiles\cmTC_5d8f0.dir\linklibs.rsp
D:/Software/Development/TDM-GCC-64/bin/../lib/gcc/x86_64-w64-mingw32/9.2.0/../../../../x86_64-w64-mingw32/bin/ld.exe: cannot find -liconv
collect2.exe: error: ld returned 1 exit status
CMakeFiles\cmTC_5d8f0.dir\build.make:107: recipe for target 'cmTC_5d8f0.exe' failed
mingw32-make.exe[1]: *** [cmTC_5d8f0.exe] Error 1
mingw32-make.exe[1]: Leaving directory 'D:/Documents/git_work/StitchesSoftRenderer/cmake-build-debug/CMakeFiles/CMakeTmp'
Makefile:140: recipe for target 'cmTC_5d8f0/fast' failed
mingw32-make.exe: *** [cmTC_5d8f0/fast] Error 2



Determining if the function iconv_open exists in the c failed with the following output:
Change Dir: D:/Documents/git_work/StitchesSoftRenderer/cmake-build-debug/CMakeFiles/CMakeTmp

Run Build Command(s):D:/Software/Development/TDM-GCC-64/bin/mingw32-make.exe cmTC_7467a/fast && D:/Software/Development/TDM-GCC-64/bin/mingw32-make.exe  -f CMakeFiles\cmTC_7467a.dir\build.make CMakeFiles/cmTC_7467a.dir/build
mingw32-make.exe[1]: Entering directory 'D:/Documents/git_work/StitchesSoftRenderer/cmake-build-debug/CMakeFiles/CMakeTmp'
Building C object CMakeFiles/cmTC_7467a.dir/CheckFunctionExists.c.obj
D:\Software\Development\TDM-GCC-64\bin\gcc.exe   -idirafter "D:/Documents/git_work/StitchesSoftRenderer/lib/SDL2.0.15.14858/src/video/khronos" -DCHECK_FUNCTION_EXISTS=iconv_open   -o CMakeFiles\cmTC_7467a.dir\CheckFunctionExists.c.obj   -c "D:\Software\Development\CLion 2020.3.2\bin\cmake\win\share\cmake-3.17\Modules\CheckFunctionExists.c"
Linking C executable cmTC_7467a.exe
"D:\Software\Development\CLion 2020.3.2\bin\cmake\win\bin\cmake.exe" -E cmake_link_script CMakeFiles\cmTC_7467a.dir\link.txt --verbose=1
"D:\Software\Development\CLion 2020.3.2\bin\cmake\win\bin\cmake.exe" -E rm -f CMakeFiles\cmTC_7467a.dir/objects.a
D:\Software\Development\TDM-GCC-64\bin\ar.exe cr CMakeFiles\cmTC_7467a.dir/objects.a @CMakeFiles\cmTC_7467a.dir\objects1.rsp
D:\Software\Development\TDM-GCC-64\bin\gcc.exe  -idirafter "D:/Documents/git_work/StitchesSoftRenderer/lib/SDL2.0.15.14858/src/video/khronos" -DCHECK_FUNCTION_EXISTS=iconv_open    -Wl,--whole-archive CMakeFiles\cmTC_7467a.dir/objects.a -Wl,--no-whole-archive  -o cmTC_7467a.exe -Wl,--out-implib,libcmTC_7467a.dll.a -Wl,--major-image-version,0,--minor-image-version,0 @CMakeFiles\cmTC_7467a.dir\linklibs.rsp
D:/Software/Development/TDM-GCC-64/bin/../lib/gcc/x86_64-w64-mingw32/9.2.0/../../../../x86_64-w64-mingw32/bin/ld.exe: cannot find -lc
collect2.exe: error: ld returned 1 exit status
CMakeFiles\cmTC_7467a.dir\build.make:107: recipe for target 'cmTC_7467a.exe' failed
mingw32-make.exe[1]: *** [cmTC_7467a.exe] Error 1
mingw32-make.exe[1]: Leaving directory 'D:/Documents/git_work/StitchesSoftRenderer/cmake-build-debug/CMakeFiles/CMakeTmp'
Makefile:140: recipe for target 'cmTC_7467a/fast' failed
mingw32-make.exe: *** [cmTC_7467a/fast] Error 2



Determining if the include file alloca.h exists failed with the following output:
Change Dir: D:/Documents/git_work/StitchesSoftRenderer/cmake-build-debug/CMakeFiles/CMakeTmp

Run Build Command(s):D:/Software/Development/TDM-GCC-64/bin/mingw32-make.exe cmTC_15b3a/fast && D:/Software/Development/TDM-GCC-64/bin/mingw32-make.exe  -f CMakeFiles\cmTC_15b3a.dir\build.make CMakeFiles/cmTC_15b3a.dir/build
mingw32-make.exe[1]: Entering directory 'D:/Documents/git_work/StitchesSoftRenderer/cmake-build-debug/CMakeFiles/CMakeTmp'
Building C object CMakeFiles/cmTC_15b3a.dir/CheckIncludeFile.c.obj
D:\Software\Development\TDM-GCC-64\bin\gcc.exe   -idirafter "D:/Documents/git_work/StitchesSoftRenderer/lib/SDL2.0.15.14858/src/video/khronos"    -o CMakeFiles\cmTC_15b3a.dir\CheckIncludeFile.c.obj   -c D:\Documents\git_work\StitchesSoftRenderer\cmake-build-debug\CMakeFiles\CMakeTmp\CheckIncludeFile.c
D:\Documents\git_work\StitchesSoftRenderer\cmake-build-debug\CMakeFiles\CMakeTmp\CheckIncludeFile.c:1:10: fatal error: alloca.h: No such file or directory
    1 | #include <alloca.h>
      |          ^~~~~~~~~~
compilation terminated.
CMakeFiles\cmTC_15b3a.dir\build.make:84: recipe for target 'CMakeFiles/cmTC_15b3a.dir/CheckIncludeFile.c.obj' failed
mingw32-make.exe[1]: *** [CMakeFiles/cmTC_15b3a.dir/CheckIncludeFile.c.obj] Error 1
mingw32-make.exe[1]: Leaving directory 'D:/Documents/git_work/StitchesSoftRenderer/cmake-build-debug/CMakeFiles/CMakeTmp'
Makefile:140: recipe for target 'cmTC_15b3a/fast' failed
mingw32-make.exe: *** [cmTC_15b3a/fast] Error 2



Determining if the alloca exist failed with the following output:
Change Dir: D:/Documents/git_work/StitchesSoftRenderer/cmake-build-debug/CMakeFiles/CMakeTmp

Run Build Command(s):D:/Software/Development/TDM-GCC-64/bin/mingw32-make.exe cmTC_dd54f/fast && D:/Software/Development/TDM-GCC-64/bin/mingw32-make.exe  -f CMakeFiles\cmTC_dd54f.dir\build.make CMakeFiles/cmTC_dd54f.dir/build
mingw32-make.exe[1]: Entering directory 'D:/Documents/git_work/StitchesSoftRenderer/cmake-build-debug/CMakeFiles/CMakeTmp'
Building C object CMakeFiles/cmTC_dd54f.dir/CheckSymbolExists.c.obj
D:\Software\Development\TDM-GCC-64\bin\gcc.exe   -idirafter "D:/Documents/git_work/StitchesSoftRenderer/lib/SDL2.0.15.14858/src/video/khronos"    -o CMakeFiles\cmTC_dd54f.dir\CheckSymbolExists.c.obj   -c D:\Documents\git_work\StitchesSoftRenderer\cmake-build-debug\CMakeFiles\CMakeTmp\CheckSymbolExists.c
D:\Documents\git_work\StitchesSoftRenderer\cmake-build-debug\CMakeFiles\CMakeTmp\CheckSymbolExists.c:2:10: fatal error: alloca.h: No such file or directory
    2 | #include <alloca.h>
      |          ^~~~~~~~~~
compilation terminated.
CMakeFiles\cmTC_dd54f.dir\build.make:84: recipe for target 'CMakeFiles/cmTC_dd54f.dir/CheckSymbolExists.c.obj' failed
mingw32-make.exe[1]: *** [CMakeFiles/cmTC_dd54f.dir/CheckSymbolExists.c.obj] Error 1
mingw32-make.exe[1]: Leaving directory 'D:/Documents/git_work/StitchesSoftRenderer/cmake-build-debug/CMakeFiles/CMakeTmp'
Makefile:140: recipe for target 'cmTC_dd54f/fast' failed
mingw32-make.exe: *** [cmTC_dd54f/fast] Error 2


File D:/Documents/git_work/StitchesSoftRenderer/cmake-build-debug/CMakeFiles/CMakeTmp/CheckSymbolExists.c:
/* */
#include <alloca.h>

int main(int argc, char** argv)
{
  (void)argv;
#ifndef alloca
  return ((int*)(&alloca))[argc];
#else
  (void)argc;
  return 0;
#endif
}
Performing C SOURCE FILE Test HAVE_SA_SIGACTION failed with the following output:
Change Dir: D:/Documents/git_work/StitchesSoftRenderer/cmake-build-debug/CMakeFiles/CMakeTmp

Run Build Command(s):D:/Software/Development/TDM-GCC-64/bin/mingw32-make.exe cmTC_321cd/fast && D:/Software/Development/TDM-GCC-64/bin/mingw32-make.exe  -f CMakeFiles\cmTC_321cd.dir\build.make CMakeFiles/cmTC_321cd.dir/build
mingw32-make.exe[1]: Entering directory 'D:/Documents/git_work/StitchesSoftRenderer/cmake-build-debug/CMakeFiles/CMakeTmp'
Building C object CMakeFiles/cmTC_321cd.dir/src.c.obj
D:\Software\Development\TDM-GCC-64\bin\gcc.exe   -idirafter "D:/Documents/git_work/StitchesSoftRenderer/lib/SDL2.0.15.14858/src/video/khronos" -DHAVE_SA_SIGACTION   -o CMakeFiles\cmTC_321cd.dir\src.c.obj   -c D:\Documents\git_work\StitchesSoftRenderer\cmake-build-debug\CMakeFiles\CMakeTmp\src.c
D:\Documents\git_work\StitchesSoftRenderer\cmake-build-debug\CMakeFiles\CMakeTmp\src.c: In function 'main':
D:\Documents\git_work\StitchesSoftRenderer\cmake-build-debug\CMakeFiles\CMakeTmp\src.c:6:39: error: dereferencing pointer to incomplete type 'struct sigaction'
    6 |   (void)sizeof(((struct sigaction *)0)->sa_sigaction);
      |                                       ^~
CMakeFiles\cmTC_321cd.dir\build.make:84: recipe for target 'CMakeFiles/cmTC_321cd.dir/src.c.obj' failed
mingw32-make.exe[1]: *** [CMakeFiles/cmTC_321cd.dir/src.c.obj] Error 1
mingw32-make.exe[1]: Leaving directory 'D:/Documents/git_work/StitchesSoftRenderer/cmake-build-debug/CMakeFiles/CMakeTmp'
Makefile:140: recipe for target 'cmTC_321cd/fast' failed
mingw32-make.exe: *** [cmTC_321cd/fast] Error 2


Source file was:

#include <signal.h>

int main()
{
  (void)sizeof(((struct sigaction *)0)->sa_sigaction);
  return 0;
}

Performing C SOURCE FILE Test HAVE_XINPUT_GAMEPAD_EX failed with the following output:
Change Dir: D:/Documents/git_work/StitchesSoftRenderer/cmake-build-debug/CMakeFiles/CMakeTmp

Run Build Command(s):D:/Software/Development/TDM-GCC-64/bin/mingw32-make.exe cmTC_9cf85/fast && D:/Software/Development/TDM-GCC-64/bin/mingw32-make.exe  -f CMakeFiles\cmTC_9cf85.dir\build.make CMakeFiles/cmTC_9cf85.dir/build
mingw32-make.exe[1]: Entering directory 'D:/Documents/git_work/StitchesSoftRenderer/cmake-build-debug/CMakeFiles/CMakeTmp'
Building C object CMakeFiles/cmTC_9cf85.dir/src.c.obj
D:\Software\Development\TDM-GCC-64\bin\gcc.exe   -idirafter "D:/Documents/git_work/StitchesSoftRenderer/lib/SDL2.0.15.14858/src/video/khronos" -DHAVE_XINPUT_GAMEPAD_EX   -o CMakeFiles\cmTC_9cf85.dir\src.c.obj   -c D:\Documents\git_work\StitchesSoftRenderer\cmake-build-debug\CMakeFiles\CMakeTmp\src.c
D:\Documents\git_work\StitchesSoftRenderer\cmake-build-debug\CMakeFiles\CMakeTmp\src.c:4:7: error: unknown type name 'XINPUT_GAMEPAD_EX'; did you mean 'XINPUT_GAMEPAD_X'?
    4 |       XINPUT_GAMEPAD_EX x1;
      |       ^~~~~~~~~~~~~~~~~
      |       XINPUT_GAMEPAD_X
CMakeFiles\cmTC_9cf85.dir\build.make:84: recipe for target 'CMakeFiles/cmTC_9cf85.dir/src.c.obj' failed
mingw32-make.exe[1]: *** [CMakeFiles/cmTC_9cf85.dir/src.c.obj] Error 1
mingw32-make.exe[1]: Leaving directory 'D:/Documents/git_work/StitchesSoftRenderer/cmake-build-debug/CMakeFiles/CMakeTmp'
Makefile:140: recipe for target 'cmTC_9cf85/fast' failed
mingw32-make.exe: *** [cmTC_9cf85/fast] Error 2


Source file was:

      #include <windows.h>
      #include <xinput.h>
      XINPUT_GAMEPAD_EX x1;
      int main(int argc, char **argv) { }
Performing C SOURCE FILE Test HAVE_XINPUT_STATE_EX failed with the following output:
Change Dir: D:/Documents/git_work/StitchesSoftRenderer/cmake-build-debug/CMakeFiles/CMakeTmp

Run Build Command(s):D:/Software/Development/TDM-GCC-64/bin/mingw32-make.exe cmTC_350b0/fast && D:/Software/Development/TDM-GCC-64/bin/mingw32-make.exe  -f CMakeFiles\cmTC_350b0.dir\build.make CMakeFiles/cmTC_350b0.dir/build
mingw32-make.exe[1]: Entering directory 'D:/Documents/git_work/StitchesSoftRenderer/cmake-build-debug/CMakeFiles/CMakeTmp'
Building C object CMakeFiles/cmTC_350b0.dir/src.c.obj
D:\Software\Development\TDM-GCC-64\bin\gcc.exe   -idirafter "D:/Documents/git_work/StitchesSoftRenderer/lib/SDL2.0.15.14858/src/video/khronos" -DHAVE_XINPUT_STATE_EX   -o CMakeFiles\cmTC_350b0.dir\src.c.obj   -c D:\Documents\git_work\StitchesSoftRenderer\cmake-build-debug\CMakeFiles\CMakeTmp\src.c
D:\Documents\git_work\StitchesSoftRenderer\cmake-build-debug\CMakeFiles\CMakeTmp\src.c:4:7: error: unknown type name 'XINPUT_STATE_EX'; did you mean 'XINPUT_STATE'?
    4 |       XINPUT_STATE_EX s1;
      |       ^~~~~~~~~~~~~~~
      |       XINPUT_STATE
CMakeFiles\cmTC_350b0.dir\build.make:84: recipe for target 'CMakeFiles/cmTC_350b0.dir/src.c.obj' failed
mingw32-make.exe[1]: *** [CMakeFiles/cmTC_350b0.dir/src.c.obj] Error 1
mingw32-make.exe[1]: Leaving directory 'D:/Documents/git_work/StitchesSoftRenderer/cmake-build-debug/CMakeFiles/CMakeTmp'
Makefile:140: recipe for target 'cmTC_350b0/fast' failed
mingw32-make.exe: *** [cmTC_350b0/fast] Error 2


Source file was:

      #include <windows.h>
      #include <xinput.h>
      XINPUT_STATE_EX s1;
      int main(int argc, char **argv) { }
Performing C SOURCE FILE Test HAS_C_FLAG_address failed with the following output:
Change Dir: D:/Documents/git_work/StitchesSoftRenderer/cmake-build-debug/CMakeFiles/CMakeTmp

Run Build Command(s):D:/Software/Development/TDM-GCC-64/bin/mingw32-make.exe cmTC_03017/fast && D:/Software/Development/TDM-GCC-64/bin/mingw32-make.exe  -f CMakeFiles\cmTC_03017.dir\build.make CMakeFiles/cmTC_03017.dir/build
mingw32-make.exe[1]: Entering directory 'D:/Documents/git_work/StitchesSoftRenderer/cmake-build-debug/CMakeFiles/CMakeTmp'
Building C object CMakeFiles/cmTC_03017.dir/src.c.obj
D:\Software\Development\TDM-GCC-64\bin\gcc.exe   -idirafter "D:/Documents/git_work/StitchesSoftRenderer/lib/SDL2.0.15.14858/src/video/khronos"  "-ID:/Documents/git_work/StitchesSoftRenderer/lib/SDL2.0.15.14858/src/hidapi/hidapi" -msse3 -msse2 -msse -m3dnow -mmmx -Wshadow -fvisibility=hidden -Wdeclaration-after-statement -Werror=declaration-after-statement -fno-strict-aliasing -Wall  -DHAS_C_FLAG_address   -fsanitize=address -o CMakeFiles\cmTC_03017.dir\src.c.obj   -c D:\Documents\git_work\StitchesSoftRenderer\cmake-build-debug\CMakeFiles\CMakeTmp\src.c
Linking C executable cmTC_03017.exe
"D:\Software\Development\CLion 2020.3.2\bin\cmake\win\bin\cmake.exe" -E cmake_link_script CMakeFiles\cmTC_03017.dir\link.txt --verbose=1
"D:\Software\Development\CLion 2020.3.2\bin\cmake\win\bin\cmake.exe" -E rm -f CMakeFiles\cmTC_03017.dir/objects.a
D:\Software\Development\TDM-GCC-64\bin\ar.exe cr CMakeFiles\cmTC_03017.dir/objects.a @CMakeFiles\cmTC_03017.dir\objects1.rsp
D:\Software\Development\TDM-GCC-64\bin\gcc.exe  -idirafter "D:/Documents/git_work/StitchesSoftRenderer/lib/SDL2.0.15.14858/src/video/khronos"  "-ID:/Documents/git_work/StitchesSoftRenderer/lib/SDL2.0.15.14858/src/hidapi/hidapi" -msse3 -msse2 -msse -m3dnow -mmmx -Wshadow -fvisibility=hidden -Wdeclaration-after-statement -Werror=declaration-after-statement -fno-strict-aliasing -Wall  -DHAS_C_FLAG_address    -Wl,--whole-archive CMakeFiles\cmTC_03017.dir/objects.a -Wl,--no-whole-archive  -o cmTC_03017.exe -Wl,--out-implib,libcmTC_03017.dll.a -Wl,--major-image-version,0,--minor-image-version,0 @CMakeFiles\cmTC_03017.dir\linklibs.rsp
D:/Software/Development/TDM-GCC-64/bin/../lib/gcc/x86_64-w64-mingw32/9.2.0/../../../../x86_64-w64-mingw32/bin/ld.exe: cannot find -lasan
D:/Software/Development/TDM-GCC-64/bin/../lib/gcc/x86_64-w64-mingw32/9.2.0/../../../../x86_64-w64-mingw32/bin/ld.exe: cannot find -lasan
collect2.exe: error: ld returned 1 exit status
CMakeFiles\cmTC_03017.dir\build.make:107: recipe for target 'cmTC_03017.exe' failed
mingw32-make.exe[1]: *** [cmTC_03017.exe] Error 1
mingw32-make.exe[1]: Leaving directory 'D:/Documents/git_work/StitchesSoftRenderer/cmake-build-debug/CMakeFiles/CMakeTmp'
Makefile:140: recipe for target 'cmTC_03017/fast' failed
mingw32-make.exe: *** [cmTC_03017/fast] Error 2


Source file was:
int main(void) { return 0; }
Performing C++ SOURCE FILE Test HAS_CXX_FLAG_address failed with the following output:
Change Dir: D:/Documents/git_work/StitchesSoftRenderer/cmake-build-debug/CMakeFiles/CMakeTmp

Run Build Command(s):D:/Software/Development/TDM-GCC-64/bin/mingw32-make.exe cmTC_93bbf/fast && D:/Software/Development/TDM-GCC-64/bin/mingw32-make.exe  -f CMakeFiles\cmTC_93bbf.dir\build.make CMakeFiles/cmTC_93bbf.dir/build
mingw32-make.exe[1]: Entering directory 'D:/Documents/git_work/StitchesSoftRenderer/cmake-build-debug/CMakeFiles/CMakeTmp'
Building CXX object CMakeFiles/cmTC_93bbf.dir/src.cxx.obj
D:\Software\Development\TDM-GCC-64\bin\g++.exe    -DHAS_CXX_FLAG_address   -fsanitize=address -o CMakeFiles\cmTC_93bbf.dir\src.cxx.obj -c D:\Documents\git_work\StitchesSoftRenderer\cmake-build-debug\CMakeFiles\CMakeTmp\src.cxx
Linking CXX executable cmTC_93bbf.exe
"D:\Software\Development\CLion 2020.3.2\bin\cmake\win\bin\cmake.exe" -E cmake_link_script CMakeFiles\cmTC_93bbf.dir\link.txt --verbose=1
"D:\Software\Development\CLion 2020.3.2\bin\cmake\win\bin\cmake.exe" -E rm -f CMakeFiles\cmTC_93bbf.dir/objects.a
D:\Software\Development\TDM-GCC-64\bin\ar.exe cr CMakeFiles\cmTC_93bbf.dir/objects.a @CMakeFiles\cmTC_93bbf.dir\objects1.rsp
D:\Software\Development\TDM-GCC-64\bin\g++.exe  -DHAS_CXX_FLAG_address    -Wl,--whole-archive CMakeFiles\cmTC_93bbf.dir/objects.a -Wl,--no-whole-archive  -o cmTC_93bbf.exe -Wl,--out-implib,libcmTC_93bbf.dll.a -Wl,--major-image-version,0,--minor-image-version,0 @CMakeFiles\cmTC_93bbf.dir\linklibs.rsp
D:/Software/Development/TDM-GCC-64/bin/../lib/gcc/x86_64-w64-mingw32/9.2.0/../../../../x86_64-w64-mingw32/bin/ld.exe: cannot find -lasan
D:/Software/Development/TDM-GCC-64/bin/../lib/gcc/x86_64-w64-mingw32/9.2.0/../../../../x86_64-w64-mingw32/bin/ld.exe: cannot find -lasan
collect2.exe: error: ld returned 1 exit status
CMakeFiles\cmTC_93bbf.dir\build.make:107: recipe for target 'cmTC_93bbf.exe' failed
mingw32-make.exe[1]: *** [cmTC_93bbf.exe] Error 1
mingw32-make.exe[1]: Leaving directory 'D:/Documents/git_work/StitchesSoftRenderer/cmake-build-debug/CMakeFiles/CMakeTmp'
Makefile:140: recipe for target 'cmTC_93bbf/fast' failed
mingw32-make.exe: *** [cmTC_93bbf/fast] Error 2


Source file was:
int main() { return 0; }
